2021-04-25 09:16:29,744 - Bela - INFO - LoginBtn is click!
2021-04-25 09:16:31,649 - Bela - INFO - 进入打包作业 is Ok!
2021-04-25 09:16:40,823 - Bela - INFO - 添加打包作业 is Ok!
2021-04-25 09:16:47,714 - Bela - INFO - 单句 is Ok!
2021-04-25 09:16:49,658 - Bela - INFO - 输入要求 is Ok!
2021-04-25 09:16:57,976 - Bela - INFO - 发布打包作业 is Ok!
2021-04-25 09:17:21,136 - Bela - INFO - LoginBtn is click!
2021-04-25 09:17:24,934 - Bela - INFO - 进入打包作业 is Ok!
2021-04-25 09:17:26,057 - Bela - INFO - 添加打包作业 is Ok!
2021-04-25 09:17:49,354 - Bela - INFO - 多句 is Ok!
2021-04-25 09:17:51,424 - Bela - INFO - 输入要求 is Ok!
2021-04-25 09:17:59,640 - Bela - INFO - 发布打包作业 is Ok!
2021-04-25 09:18:22,075 - Bela - INFO - LoginBtn is click!
2021-04-25 09:18:25,848 - Bela - INFO - 进入打包作业 is Ok!
2021-04-25 09:18:26,943 - Bela - INFO - 添加打包作业 is Ok!
2021-04-25 09:18:29,545 - Bela - INFO - 选择作业内容 is Ok!
2021-04-25 09:20:35,305 - Bela - INFO - LoginBtn is click!
2021-04-25 09:20:36,064 - Bela - INFO - 进入打包作业 is Ok!
2021-04-25 09:20:47,842 - Bela - INFO - 添加打包作业 is Ok!
2021-04-25 09:20:54,607 - Bela - INFO - 单句 is Ok!
2021-04-25 09:20:56,538 - Bela - INFO - 输入要求 is Ok!
2021-04-25 09:21:05,264 - Bela - INFO - 发布打包作业 is Ok!
2021-04-25 09:21:27,521 - Bela - INFO - LoginBtn is click!
2021-04-25 09:21:31,168 - Bela - INFO - 进入打包作业 is Ok!
2021-04-25 09:21:32,312 - Bela - INFO - 添加打包作业 is Ok!
2021-04-25 09:21:55,351 - Bela - INFO - 多句 is Ok!
2021-04-25 09:21:57,306 - Bela - INFO - 输入要求 is Ok!
2021-04-25 09:22:05,579 - Bela - INFO - 发布打包作业 is Ok!
2021-04-25 09:22:27,914 - Bela - INFO - LoginBtn is click!
2021-04-25 09:22:31,591 - Bela - INFO - 进入打包作业 is Ok!
2021-04-25 09:22:43,289 - Bela - INFO - 添加打包作业 is Ok!
2021-04-25 09:22:45,971 - Bela - INFO - 选择作业内容 is Ok!
2021-04-25 09:22:49,372 - Bela - INFO - 选择照片 is Ok!
2021-04-25 09:22:51,477 - Bela - INFO - 输入要求 is Ok!
2021-04-25 09:23:00,376 - Bela - INFO - 发布打包作业 is Ok!
2021-04-25 09:23:22,426 - Bela - INFO - LoginBtn is click!
2021-04-25 09:23:26,968 - Bela - INFO - 进入打包作业 is Ok!
2021-04-25 09:23:41,685 - Bela - INFO - 添加打包作业 is Ok!
2021-04-25 09:23:42,395 - Bela - INFO - 添加打包作业 is Ok!
2021-04-25 09:23:43,067 - Bela - INFO - 添加打包作业 is Ok!
2021-04-25 09:23:43,769 - Bela - INFO - 添加打包作业 is Ok!
2021-04-25 09:23:44,457 - Bela - INFO - 添加打包作业 is Ok!
2021-04-25 09:23:51,348 - Bela - INFO - 单句 is Ok!
2021-04-25 09:23:53,322 - Bela - INFO - 输入要求 is Ok!
2021-04-25 09:24:16,812 - Bela - INFO - 多句 is Ok!
2021-04-25 09:24:18,773 - Bela - INFO - 输入要求 is Ok!
2021-04-25 09:24:21,621 - Bela - INFO - 选择作业内容 is Ok!
2021-04-25 09:24:24,966 - Bela - INFO - 选择照片 is Ok!
2021-04-25 09:24:27,258 - Bela - INFO - 输入要求 is Ok!
2021-04-25 09:24:30,018 - Bela - INFO - 选择作业内容 is Ok!
2021-04-25 09:24:33,522 - Bela - INFO - 选择照片 is Ok!
2021-04-25 09:24:35,674 - Bela - INFO - 输入要求 is Ok!
2021-04-25 09:24:38,551 - Bela - INFO - 选择作业内容 is Ok!
2021-04-25 09:24:41,934 - Bela - INFO - 选择照片 is Ok!
2021-04-25 09:24:43,926 - Bela - INFO - 输入要求 is Ok!
2021-04-25 09:24:52,759 - Bela - INFO - 发布打包作业 is Ok!
2021-04-25 09:26:06,359 - Bela - INFO - LoginBtn is click!
2021-04-25 09:26:10,230 - Bela - INFO - 进入打包作业 is Ok!
2021-04-25 09:26:21,904 - Bela - INFO - 添加打包作业 is Ok!
2021-04-25 09:26:28,751 - Bela - INFO - 单句 is Ok!
2021-04-25 09:26:30,738 - Bela - INFO - 输入要求 is Ok!
2021-04-25 09:26:38,828 - Bela - INFO - 发布打包作业 is Ok!
2021-04-25 09:27:01,396 - Bela - INFO - LoginBtn is click!
2021-04-25 09:27:05,583 - Bela - INFO - 进入打包作业 is Ok!
2021-04-25 09:27:06,899 - Bela - INFO - 添加打包作业 is Ok!
2021-04-25 09:27:30,333 - Bela - INFO - 多句 is Ok!
2021-04-25 09:27:32,322 - Bela - INFO - 输入要求 is Ok!
2021-04-25 09:27:40,470 - Bela - INFO - 发布打包作业 is Ok!
2021-04-25 09:28:02,928 - Bela - INFO - LoginBtn is click!
2021-04-25 09:28:06,961 - Bela - INFO - 进入打包作业 is Ok!
2021-04-25 09:28:08,136 - Bela - INFO - 添加打包作业 is Ok!
2021-04-25 09:28:10,879 - Bela - INFO - 选择作业内容 is Ok!
2021-04-25 09:28:14,509 - Bela - INFO - 选择照片 is Ok!
2021-04-25 09:28:16,572 - Bela - INFO - 输入要求 is Ok!
2021-04-25 09:28:24,941 - Bela - INFO - 发布打包作业 is Ok!
2021-04-25 09:28:47,247 - Bela - INFO - LoginBtn is click!
2021-04-25 09:28:51,567 - Bela - INFO - 进入打包作业 is Ok!
2021-04-25 09:28:52,955 - Bela - INFO - 添加打包作业 is Ok!
2021-04-25 09:28:53,645 - Bela - INFO - 添加打包作业 is Ok!
2021-04-25 09:28:54,311 - Bela - INFO - 添加打包作业 is Ok!
2021-04-25 09:28:55,003 - Bela - INFO - 添加打包作业 is Ok!
2021-04-25 09:28:55,693 - Bela - INFO - 添加打包作业 is Ok!
2021-04-25 09:29:02,696 - Bela - INFO - 单句 is Ok!
2021-04-25 09:29:04,671 - Bela - INFO - 输入要求 is Ok!
2021-04-25 09:29:28,031 - Bela - INFO - 多句 is Ok!
2021-04-25 09:29:30,022 - Bela - INFO - 输入要求 is Ok!
2021-04-25 09:29:32,834 - Bela - INFO - 选择作业内容 is Ok!
2021-04-25 09:29:36,477 - Bela - INFO - 选择照片 is Ok!
2021-04-25 09:29:38,592 - Bela - INFO - 输入要求 is Ok!
2021-04-25 09:29:41,364 - Bela - INFO - 选择作业内容 is Ok!
2021-04-25 09:29:44,741 - Bela - INFO - 选择照片 is Ok!
2021-04-25 09:29:46,914 - Bela - INFO - 输入要求 is Ok!
2021-04-25 09:29:49,712 - Bela - INFO - 选择作业内容 is Ok!
2021-04-25 09:29:53,101 - Bela - INFO - 选择照片 is Ok!
2021-04-25 09:29:55,276 - Bela - INFO - 输入要求 is Ok!
2021-04-25 09:30:03,985 - Bela - INFO - 发布打包作业 is Ok!
2021-04-25 09:40:01,385 - Bela - INFO - LoginBtn is click!
2021-04-25 09:40:05,393 - Bela - INFO - 进入打包作业 is Ok!
2021-04-25 09:40:15,740 - Bela - INFO - 添加打包作业 is Ok!
2021-04-25 09:45:13,856 - Bela - INFO - LoginBtn is click!
2021-04-25 09:45:14,636 - Bela - INFO - 进入打包作业 is Ok!
2021-04-25 09:45:26,303 - Bela - INFO - 添加打包作业 is Ok!
2021-04-25 09:45:31,698 - Bela - INFO - 单句 is Ok!
2021-04-25 09:45:33,692 - Bela - INFO - 输入要求 is Ok!
2021-04-25 09:45:42,075 - Bela - INFO - 发布打包作业 is Ok!
2021-04-25 09:46:04,837 - Bela - INFO - LoginBtn is click!
2021-04-25 09:46:08,483 - Bela - INFO - 进入打包作业 is Ok!
2021-04-25 09:46:09,587 - Bela - INFO - 添加打包作业 is Ok!
2021-04-25 09:46:32,856 - Bela - INFO - 多句 is Ok!
2021-04-25 09:46:34,878 - Bela - INFO - 输入要求 is Ok!
2021-04-25 09:46:43,074 - Bela - INFO - 发布打包作业 is Ok!
2021-04-25 09:47:06,300 - Bela - INFO - LoginBtn is click!
2021-04-25 09:47:09,985 - Bela - INFO - 进入打包作业 is Ok!
2021-04-25 09:47:30,456 - Bela - INFO - 添加打包作业 is Ok!
2021-04-25 09:47:33,088 - Bela - INFO - 选择作业内容 is Ok!
2021-04-25 09:47:36,526 - Bela - INFO - 选择照片 is Ok!
2021-04-25 09:47:38,843 - Bela - INFO - 输入要求 is Ok!
2021-04-25 09:47:47,162 - Bela - INFO - 发布打包作业 is Ok!
2021-04-25 09:48:10,390 - Bela - INFO - LoginBtn is click!
2021-04-25 09:48:14,225 - Bela - INFO - 进入打包作业 is Ok!
2021-04-25 09:48:15,362 - Bela - INFO - 添加打包作业 is Ok!
2021-04-25 09:48:22,663 - Bela - INFO - 单句 is Ok!
2021-04-25 09:48:24,624 - Bela - INFO - 输入要求 is Ok!
2021-04-25 09:48:32,842 - Bela - INFO - 发布打包作业 is Ok!
2021-04-25 09:48:55,823 - Bela - INFO - LoginBtn is click!
2021-04-25 09:48:59,592 - Bela - INFO - 进入打包作业 is Ok!
2021-04-25 09:49:00,706 - Bela - INFO - 添加打包作业 is Ok!
2021-04-25 09:49:01,393 - Bela - INFO - 添加打包作业 is Ok!
2021-04-25 09:49:02,071 - Bela - INFO - 添加打包作业 is Ok!
2021-04-25 09:49:02,758 - Bela - INFO - 添加打包作业 is Ok!
2021-04-25 09:49:03,454 - Bela - INFO - 添加打包作业 is Ok!
2021-04-25 09:49:10,273 - Bela - INFO - 单句 is Ok!
2021-04-25 09:49:12,256 - Bela - INFO - 输入要求 is Ok!
2021-04-25 09:49:35,703 - Bela - INFO - 多句 is Ok!
2021-04-25 09:49:37,704 - Bela - INFO - 输入要求 is Ok!
2021-04-25 09:49:40,530 - Bela - INFO - 选择作业内容 is Ok!
2021-04-25 09:49:43,877 - Bela - INFO - 选择照片 is Ok!
2021-04-25 09:49:46,288 - Bela - INFO - 输入要求 is Ok!
2021-04-25 09:49:48,967 - Bela - INFO - 选择作业内容 is Ok!
2021-04-25 09:49:52,363 - Bela - INFO - 选择照片 is Ok!
2021-04-25 09:49:54,628 - Bela - INFO - 输入要求 is Ok!
2021-04-25 09:49:57,369 - Bela - INFO - 选择作业内容 is Ok!
2021-04-25 09:50:00,893 - Bela - INFO - 选择照片 is Ok!
2021-04-25 09:50:03,023 - Bela - INFO - 输入要求 is Ok!
2021-04-25 09:50:11,287 - Bela - INFO - 发布打包作业 is Ok!
2021-04-25 11:53:17,850 - Bela - INFO - LoginBtn is click!
2021-04-25 11:53:23,726 - Bela - INFO - 进入完成作业 is Ok!
2021-04-25 11:53:27,478 - Bela - INFO - 加入练习库 is Ok!
2021-04-25 14:46:44,356 - Bela - INFO - LoginBtn is click!
2021-04-25 14:46:47,105 - Bela - INFO - 进入完成作业 is Ok!
2021-04-25 14:46:50,771 - Bela - INFO - 加入练习库 is Ok!
2021-04-25 14:47:15,631 - Bela - INFO - LoginBtn is click!
2021-04-25 14:47:23,630 - Bela - INFO - 进入练习库 is Ok!
2021-04-25 14:47:24,880 - Bela - INFO - 进入练习库 is Ok!
2021-04-25 14:47:25,444 - Bela - INFO - 保存 is Ok!
2021-04-25 14:47:50,553 - Bela - INFO - LoginBtn is click!
2021-04-25 14:47:58,560 - Bela - INFO - 进入练习库 is Ok!
2021-04-25 14:48:00,306 - Bela - INFO - 进入练习库 is Ok!
2021-04-25 14:49:08,775 - Bela - INFO - LoginBtn is click!
2021-04-25 14:49:14,456 - Bela - INFO - 进入完成作业 is Ok!
2021-04-25 14:49:18,115 - Bela - INFO - 加入练习库 is Ok!
2021-04-25 14:51:19,601 - Bela - INFO - LoginBtn is click!
2021-04-25 14:51:25,322 - Bela - INFO - 进入完成作业 is Ok!
2021-04-25 14:51:28,990 - Bela - INFO - 加入练习库 is Ok!
2021-04-25 14:51:53,445 - Bela - INFO - LoginBtn is click!
2021-04-25 14:52:01,260 - Bela - INFO - 进入练习库 is Ok!
2021-04-25 14:52:02,511 - Bela - INFO - 进入练习库 is Ok!
2021-04-25 14:52:03,061 - Bela - INFO - 保存 is Ok!
2021-04-25 14:52:29,084 - Bela - INFO - LoginBtn is click!
2021-04-25 14:52:37,061 - Bela - INFO - 进入练习库 is Ok!
2021-04-25 14:52:38,307 - Bela - INFO - 进入练习库 is Ok!
2021-04-25 14:56:12,954 - Bela - INFO - LoginBtn is click!
2021-04-25 14:56:15,672 - Bela - INFO - 进入完成作业 is Ok!
2021-04-25 14:56:19,355 - Bela - INFO - 加入练习库 is Ok!
2021-04-25 14:56:44,440 - Bela - INFO - LoginBtn is click!
2021-04-25 14:56:52,312 - Bela - INFO - 进入练习库 is Ok!
2021-04-25 14:56:53,543 - Bela - INFO - 输入要求 is Ok!
2021-04-25 14:56:54,091 - Bela - INFO - 保存 is Ok!
2021-04-25 14:57:18,500 - Bela - INFO - LoginBtn is click!
2021-04-25 14:57:26,379 - Bela - INFO - 进入练习库 is Ok!
2021-04-25 14:57:27,590 - Bela - INFO - 输入要求 is Ok!
2021-04-25 14:57:28,140 - Bela - INFO - 另保存 is Ok!
2021-04-25 14:57:52,421 - Bela - INFO - LoginBtn is click!
2021-04-25 14:58:00,309 - Bela - INFO - 进入练习库 is Ok!
2021-04-25 15:00:14,102 - Bela - INFO - LoginBtn is click!
2021-04-25 15:00:19,722 - Bela - INFO - 进入完成作业 is Ok!
2021-04-25 15:00:23,505 - Bela - INFO - 加入练习库 is Ok!
2021-04-25 15:00:49,017 - Bela - INFO - LoginBtn is click!
2021-04-25 15:00:55,863 - Bela - INFO - 进入练习库 is Ok!
2021-04-25 15:00:58,288 - Bela - INFO - 输入要求 is Ok!
2021-04-25 15:00:58,847 - Bela - INFO - 保存 is Ok!
2021-04-25 15:01:24,360 - Bela - INFO - LoginBtn is click!
2021-04-25 15:01:31,193 - Bela - INFO - 进入练习库 is Ok!
2021-04-25 15:01:38,220 - Bela - INFO - 输入要求 is Ok!
2021-04-25 15:01:38,463 - Bela - INFO - 另保存 is Ok!
2021-04-25 15:02:04,298 - Bela - INFO - LoginBtn is click!
2021-04-25 15:02:11,228 - Bela - INFO - 进入练习库 is Ok!
2021-04-25 15:05:04,756 - Bela - INFO - LoginBtn is click!
2021-04-25 15:05:10,456 - Bela - INFO - 进入完成作业 is Ok!
2021-04-25 15:05:14,082 - Bela - INFO - 加入练习库 is Ok!
2021-04-25 15:05:38,802 - Bela - INFO - LoginBtn is click!
2021-04-25 15:07:00,803 - Bela - INFO - LoginBtn is click!
2021-04-25 15:07:03,572 - Bela - INFO - 进入完成作业 is Ok!
2021-04-25 15:07:07,274 - Bela - INFO - 加入练习库 is Ok!
2021-04-25 15:07:32,778 - Bela - INFO - LoginBtn is click!
2021-04-25 15:09:36,456 - Bela - INFO - LoginBtn is click!
2021-04-25 15:10:07,487 - Bela - INFO - LoginBtn is click!
2021-04-25 15:10:13,205 - Bela - INFO - 进入完成作业 is Ok!
2021-04-25 15:10:16,851 - Bela - INFO - 加入练习库 is Ok!
2021-04-25 15:10:41,388 - Bela - INFO - LoginBtn is click!
2021-04-25 15:10:45,250 - Bela - INFO - 进入练习库 is Ok!
2021-04-25 15:10:50,453 - Bela - INFO - 输入要求 is Ok!
2021-04-25 15:10:51,002 - Bela - INFO - 保存 is Ok!
2021-04-25 15:11:16,518 - Bela - INFO - LoginBtn is click!
2021-04-25 15:11:20,253 - Bela - INFO - 进入练习库 is Ok!
2021-04-25 15:11:25,450 - Bela - INFO - 输入要求 is Ok!
2021-04-25 15:11:26,002 - Bela - INFO - 另保存 is Ok!
2021-04-25 15:11:51,014 - Bela - INFO - LoginBtn is click!
2021-04-25 15:11:54,780 - Bela - INFO - 进入练习库 is Ok!
2021-04-25 15:13:48,364 - Bela - INFO - LoginBtn is click!
2021-04-25 15:13:54,138 - Bela - INFO - 进入完成作业 is Ok!
2021-04-25 15:13:57,924 - Bela - INFO - 加入练习库 is Ok!
2021-04-25 15:14:23,154 - Bela - INFO - LoginBtn is click!
2021-04-25 15:14:27,037 - Bela - INFO - 进入练习库 is Ok!
2021-04-25 15:14:32,200 - Bela - INFO - 输入要求 is Ok!
2021-04-25 15:14:32,758 - Bela - INFO - 保存 is Ok!
2021-04-25 15:14:59,354 - Bela - INFO - LoginBtn is click!
2021-04-25 15:15:03,098 - Bela - INFO - 进入练习库 is Ok!
2021-04-25 15:15:08,283 - Bela - INFO - 输入要求 is Ok!
2021-04-25 15:15:08,838 - Bela - INFO - 另保存 is Ok!
2021-04-25 15:15:35,652 - Bela - INFO - LoginBtn is click!
2021-04-25 15:15:39,641 - Bela - INFO - 进入练习库 is Ok!
2021-04-25 16:28:18,403 - Bela - INFO - LoginBtn is click!
2021-04-25 16:28:24,456 - Bela - INFO - 进入完成作业 is Ok!
2021-04-25 16:28:28,230 - Bela - INFO - 加入练习库 is Ok!
2021-04-25 16:28:53,982 - Bela - INFO - LoginBtn is click!
2021-04-25 16:28:57,799 - Bela - INFO - 进入练习库 is Ok!
2021-04-25 16:29:03,044 - Bela - INFO - 输入要求 is Ok!
2021-04-25 16:29:03,594 - Bela - INFO - 保存 is Ok!
2021-04-25 16:29:29,517 - Bela - INFO - LoginBtn is click!
2021-04-25 16:29:33,384 - Bela - INFO - 进入练习库 is Ok!
2021-04-25 16:29:38,640 - Bela - INFO - 输入要求 is Ok!
2021-04-25 16:29:39,195 - Bela - INFO - 另保存 is Ok!
2021-04-25 16:30:06,299 - Bela - INFO - LoginBtn is click!
2021-04-25 16:30:10,161 - Bela - INFO - 进入练习库 is Ok!
2021-04-25 16:34:26,657 - Bela - INFO - LoginBtn is click!
2021-04-25 16:34:32,625 - Bela - INFO - 进入完成作业 is Ok!
2021-04-25 16:34:36,261 - Bela - INFO - 加入练习库 is Ok!
2021-04-25 16:35:02,501 - Bela - INFO - LoginBtn is click!
2021-04-25 16:35:06,286 - Bela - INFO - 进入练习库 is Ok!
2021-04-25 16:35:11,526 - Bela - INFO - 输入要求 is Ok!
2021-04-25 16:35:12,078 - Bela - INFO - 保存 is Ok!
2021-04-25 16:35:37,269 - Bela - INFO - LoginBtn is click!
2021-04-25 16:35:41,226 - Bela - INFO - 进入练习库 is Ok!
2021-04-25 16:35:46,502 - Bela - INFO - 输入要求 is Ok!
2021-04-25 16:35:47,077 - Bela - INFO - 另保存 is Ok!
2021-04-25 16:36:13,282 - Bela - INFO - LoginBtn is click!
2021-04-25 16:36:17,050 - Bela - INFO - 进入练习库 is Ok!
2021-04-25 16:41:52,366 - Bela - INFO - LoginBtn is click!
2021-04-25 16:41:58,159 - Bela - INFO - 进入完成作业 is Ok!
2021-04-25 16:42:02,076 - Bela - INFO - 加入练习库 is Ok!
2021-04-25 16:42:27,228 - Bela - INFO - LoginBtn is click!
2021-04-25 16:42:31,047 - Bela - INFO - 进入练习库 is Ok!
2021-04-25 16:42:36,278 - Bela - INFO - 输入要求 is Ok!
2021-04-25 16:42:36,869 - Bela - INFO - 保存 is Ok!
2021-04-25 16:43:04,303 - Bela - INFO - LoginBtn is click!
2021-04-25 16:43:08,233 - Bela - INFO - 进入练习库 is Ok!
2021-04-25 16:43:13,420 - Bela - INFO - 输入要求 is Ok!
2021-04-25 16:43:13,978 - Bela - INFO - 另保存 is Ok!
2021-04-25 16:43:42,512 - Bela - INFO - LoginBtn is click!
2021-04-25 16:43:46,316 - Bela - INFO - 进入练习库 is Ok!
2021-04-25 16:46:29,203 - Bela - INFO - LoginBtn is click!
2021-04-25 16:46:34,888 - Bela - INFO - 进入完成作业 is Ok!
2021-04-25 16:46:38,641 - Bela - INFO - 加入练习库 is Ok!
2021-04-25 16:47:04,313 - Bela - INFO - LoginBtn is click!
2021-04-25 16:47:08,218 - Bela - INFO - 进入练习库 is Ok!
2021-04-25 16:47:13,415 - Bela - INFO - 输入要求 is Ok!
2021-04-25 16:47:13,983 - Bela - INFO - 保存 is Ok!
2021-04-25 16:47:40,180 - Bela - INFO - LoginBtn is click!
2021-04-25 16:47:44,176 - Bela - INFO - 进入练习库 is Ok!
2021-04-25 16:47:49,416 - Bela - INFO - 输入要求 is Ok!
2021-04-25 16:47:49,979 - Bela - INFO - 另保存 is Ok!
2021-04-25 16:48:16,169 - Bela - INFO - LoginBtn is click!
2021-04-25 16:48:19,806 - Bela - INFO - 进入练习库 is Ok!
2021-04-25 16:54:46,066 - Bela - INFO - LoginBtn is click!
2021-04-25 16:54:52,090 - Bela - INFO - 进入完成作业 is Ok!
2021-04-25 16:54:55,749 - Bela - INFO - 加入练习库 is Ok!
2021-04-25 16:55:23,889 - Bela - INFO - LoginBtn is click!
2021-04-25 16:55:27,799 - Bela - INFO - 进入练习库 is Ok!
2021-04-25 16:55:33,158 - Bela - INFO - 输入要求 is Ok!
2021-04-25 16:55:33,701 - Bela - INFO - 保存 is Ok!
2021-04-25 16:56:02,462 - Bela - INFO - LoginBtn is click!
2021-04-25 16:56:06,312 - Bela - INFO - 进入练习库 is Ok!
2021-04-25 16:56:11,538 - Bela - INFO - 输入要求 is Ok!
2021-04-25 16:56:12,098 - Bela - INFO - 另保存 is Ok!
2021-04-25 16:56:39,927 - Bela - INFO - LoginBtn is click!
2021-04-25 16:56:43,761 - Bela - INFO - 进入练习库 is Ok!
2021-04-25 17:05:32,762 - Bela - INFO - LoginBtn is click!
2021-04-25 17:05:38,589 - Bela - INFO - 进入完成作业 is Ok!
2021-04-25 17:05:42,330 - Bela - INFO - 加入练习库 is Ok!
2021-04-25 17:06:08,649 - Bela - INFO - LoginBtn is click!
2021-04-25 17:06:12,751 - Bela - INFO - 进入练习库 is Ok!
2021-04-25 17:06:17,952 - Bela - INFO - 输入要求 is Ok!
2021-04-25 17:06:18,516 - Bela - INFO - 保存 is Ok!
2021-04-25 17:06:45,113 - Bela - INFO - LoginBtn is click!
2021-04-25 17:06:48,893 - Bela - INFO - 进入练习库 is Ok!
2021-04-25 17:06:54,140 - Bela - INFO - 输入要求 is Ok!
2021-04-25 17:06:54,707 - Bela - INFO - 另保存 is Ok!
2021-04-25 17:07:24,072 - Bela - INFO - LoginBtn is click!
2021-04-25 17:07:28,141 - Bela - INFO - 进入练习库 is Ok!
2021-04-25 17:08:29,524 - Bela - INFO - LoginBtn is click!
2021-04-25 17:08:35,505 - Bela - INFO - 进入完成作业 is Ok!
2021-04-25 17:08:39,225 - Bela - INFO - 加入练习库 is Ok!
2021-04-25 17:09:06,366 - Bela - INFO - LoginBtn is click!
2021-04-25 17:09:10,233 - Bela - INFO - 进入练习库 is Ok!
2021-04-25 17:09:15,413 - Bela - INFO - 输入要求 is Ok!
2021-04-25 17:09:15,974 - Bela - INFO - 保存 is Ok!
2021-04-25 17:09:43,501 - Bela - INFO - LoginBtn is click!
2021-04-25 17:09:49,037 - Bela - INFO - 进入练习库 is Ok!
2021-04-25 17:09:54,220 - Bela - INFO - 输入要求 is Ok!
2021-04-25 17:09:54,771 - Bela - INFO - 另保存 is Ok!
2021-04-25 17:10:22,412 - Bela - INFO - LoginBtn is click!
2021-04-25 17:10:26,469 - Bela - INFO - 进入练习库 is Ok!
2021-04-25 17:11:53,757 - Bela - INFO - LoginBtn is click!
2021-04-25 17:11:59,524 - Bela - INFO - 进入完成作业 is Ok!
2021-04-25 17:12:03,364 - Bela - INFO - 加入练习库 is Ok!
2021-04-25 17:12:32,431 - Bela - INFO - LoginBtn is click!
2021-04-25 17:12:36,374 - Bela - INFO - 进入练习库 is Ok!
2021-04-25 17:12:41,688 - Bela - INFO - 输入要求 is Ok!
2021-04-25 17:12:42,241 - Bela - INFO - 保存 is Ok!
2021-04-25 17:13:08,819 - Bela - INFO - LoginBtn is click!
2021-04-25 17:13:12,607 - Bela - INFO - 进入练习库 is Ok!
2021-04-25 17:13:17,763 - Bela - INFO - 输入要求 is Ok!
2021-04-25 17:13:18,321 - Bela - INFO - 另保存 is Ok!
2021-04-25 17:13:45,472 - Bela - INFO - LoginBtn is click!
2021-04-25 17:13:49,414 - Bela - INFO - 进入练习库 is Ok!
2021-04-25 17:16:21,120 - Bela - INFO - LoginBtn is click!
2021-04-25 17:16:27,088 - Bela - INFO - 进入完成作业 is Ok!
2021-04-25 17:16:30,729 - Bela - INFO - 加入练习库 is Ok!
2021-04-25 17:16:56,703 - Bela - INFO - LoginBtn is click!
2021-04-25 17:17:01,080 - Bela - INFO - 进入练习库 is Ok!
2021-04-25 17:17:06,269 - Bela - INFO - 输入要求 is Ok!
2021-04-25 17:17:06,827 - Bela - INFO - 保存 is Ok!
2021-04-25 17:17:35,330 - Bela - INFO - LoginBtn is click!
2021-04-25 17:17:39,100 - Bela - INFO - 进入练习库 is Ok!
2021-04-25 17:17:44,298 - Bela - INFO - 输入要求 is Ok!
2021-04-25 17:17:44,854 - Bela - INFO - 另保存 is Ok!
2021-04-25 17:18:12,435 - Bela - INFO - LoginBtn is click!
2021-04-25 17:18:16,648 - Bela - INFO - 进入练习库 is Ok!
2021-04-25 17:21:51,534 - Bela - INFO - LoginBtn is click!
2021-04-25 17:21:57,241 - Bela - INFO - 进入完成作业 is Ok!
2021-04-25 17:22:01,112 - Bela - INFO - 加入练习库 is Ok!
2021-04-25 17:22:26,520 - Bela - INFO - LoginBtn is click!
2021-04-25 17:22:30,514 - Bela - INFO - 进入练习库 is Ok!
2021-04-25 17:22:35,691 - Bela - INFO - 输入要求 is Ok!
2021-04-25 17:22:36,235 - Bela - INFO - 保存 is Ok!
2021-04-25 17:23:02,451 - Bela - INFO - LoginBtn is click!
2021-04-25 17:23:06,275 - Bela - INFO - 进入练习库 is Ok!
2021-04-25 17:23:11,473 - Bela - INFO - 输入要求 is Ok!
2021-04-25 17:23:12,032 - Bela - INFO - 另保存 is Ok!
2021-04-25 17:23:40,912 - Bela - INFO - LoginBtn is click!
2021-04-25 17:23:44,885 - Bela - INFO - 进入练习库 is Ok!
2021-04-25 17:25:13,174 - Bela - INFO - LoginBtn is click!
2021-04-25 17:25:19,454 - Bela - INFO - 进入完成作业 is Ok!
2021-04-25 17:25:23,253 - Bela - INFO - 加入练习库 is Ok!
2021-04-25 17:25:49,462 - Bela - INFO - LoginBtn is click!
2021-04-25 17:25:53,263 - Bela - INFO - 进入练习库 is Ok!
2021-04-25 17:25:58,510 - Bela - INFO - 输入要求 is Ok!
2021-04-25 17:25:59,064 - Bela - INFO - 保存 is Ok!
2021-04-25 17:26:29,571 - Bela - INFO - LoginBtn is click!
2021-04-25 17:26:33,606 - Bela - INFO - 进入练习库 is Ok!
2021-04-25 17:27:16,622 - Bela - INFO - LoginBtn is click!
2021-04-25 17:27:22,608 - Bela - INFO - 进入完成作业 is Ok!
2021-04-25 17:27:26,408 - Bela - INFO - 加入练习库 is Ok!
2021-04-25 17:27:53,754 - Bela - INFO - LoginBtn is click!
2021-04-25 17:27:57,544 - Bela - INFO - 进入练习库 is Ok!
2021-04-25 17:28:02,725 - Bela - INFO - 输入要求 is Ok!
2021-04-25 17:28:03,286 - Bela - INFO - 保存 is Ok!
2021-04-25 17:28:30,817 - Bela - INFO - LoginBtn is click!
2021-04-25 17:28:34,621 - Bela - INFO - 进入练习库 is Ok!
2021-04-25 17:28:39,815 - Bela - INFO - 输入要求 is Ok!
2021-04-25 17:28:40,383 - Bela - INFO - 另保存 is Ok!
2021-04-25 17:29:07,680 - Bela - INFO - LoginBtn is click!
2021-04-25 17:29:11,463 - Bela - INFO - 进入练习库 is Ok!
2021-04-25 18:02:12,867 - Bela - INFO - LoginBtn is click!
2021-04-25 18:02:18,774 - Bela - INFO - 进入完成作业 is Ok!
2021-04-25 18:02:22,478 - Bela - INFO - 加入练习库 is Ok!
2021-04-25 18:02:48,151 - Bela - INFO - LoginBtn is click!
2021-04-25 18:02:51,976 - Bela - INFO - 进入练习库 is Ok!
2021-04-25 18:02:57,143 - Bela - INFO - 输入要求 is Ok!
2021-04-25 18:02:57,707 - Bela - INFO - 保存 is Ok!
2021-04-25 18:03:22,408 - Bela - INFO - LoginBtn is click!
2021-04-25 18:03:26,238 - Bela - INFO - 进入练习库 is Ok!
2021-04-25 18:03:31,530 - Bela - INFO - 输入要求 is Ok!
2021-04-25 18:03:32,087 - Bela - INFO - 另保存 is Ok!
2021-04-25 18:03:57,742 - Bela - INFO - LoginBtn is click!
2021-04-25 18:04:01,495 - Bela - INFO - 进入练习库 is Ok!
