2021-07-09 09:36:00,677 - Bela - INFO - LoginBtn is click!
2021-07-09 09:36:09,445 - Bela - INFO - 任务打卡 is Ok!
2021-07-09 09:36:16,002 - Bela - INFO - 绘本跟读任务打卡 is Ok!
2021-07-09 09:36:32,358 - Bela - INFO - 输入要求 is Ok!
2021-07-09 09:37:11,424 - Bela - INFO - LoginBtn is click!
2021-07-09 09:37:20,103 - Bela - INFO - 任务打卡 is Ok!
2021-07-09 09:37:25,116 - Bela - INFO - 动画配音任务打卡 is Ok!
2021-07-09 09:37:42,540 - Bela - INFO - 输入要求 is Ok!
2021-07-09 09:40:48,373 - Bela - INFO - LoginBtn is click!
2021-07-09 09:40:58,139 - Bela - INFO - 任务打卡 is Ok!
2021-07-09 09:41:04,728 - Bela - INFO - 绘本跟读任务打卡 is Ok!
2021-07-09 09:41:22,023 - Bela - INFO - 输入要求 is Ok!
2021-07-09 09:42:02,801 - Bela - INFO - LoginBtn is click!
2021-07-09 09:42:10,827 - Bela - INFO - 任务打卡 is Ok!
2021-07-09 09:42:15,672 - Bela - INFO - 动画配音任务打卡 is Ok!
2021-07-09 09:42:32,841 - Bela - INFO - 输入要求 is Ok!
2021-07-09 09:43:55,099 - Bela - INFO - LoginBtn is click!
2021-07-09 09:44:01,797 - Bela - INFO - 任务打卡 is Ok!
2021-07-09 09:44:08,323 - Bela - INFO - 绘本跟读任务打卡 is Ok!
2021-07-09 09:44:25,364 - Bela - INFO - 输入要求 is Ok!
2021-07-09 09:45:04,007 - Bela - INFO - LoginBtn is click!
2021-07-09 09:45:13,084 - Bela - INFO - 任务打卡 is Ok!
2021-07-09 09:45:18,806 - Bela - INFO - 动画配音任务打卡 is Ok!
2021-07-09 09:45:35,286 - Bela - INFO - 输入要求 is Ok!
2021-07-09 09:47:14,526 - Bela - INFO - LoginBtn is click!
2021-07-09 09:47:22,320 - Bela - INFO - 任务打卡 is Ok!
2021-07-09 09:47:29,338 - Bela - INFO - 绘本跟读任务打卡 is Ok!
2021-07-09 09:47:46,168 - Bela - INFO - 输入要求 is Ok!
2021-07-09 09:50:52,492 - Bela - INFO - LoginBtn is click!
2021-07-09 09:51:01,750 - Bela - INFO - 任务打卡 is Ok!
2021-07-09 09:51:06,986 - Bela - INFO - 动画配音任务打卡 is Ok!
2021-07-09 09:51:24,068 - Bela - INFO - 输入要求 is Ok!
2021-07-09 09:52:04,638 - Bela - INFO - LoginBtn is click!
2021-07-09 09:52:13,934 - Bela - INFO - 任务打卡 is Ok!
2021-07-09 09:52:25,927 - Bela - INFO - 任意打卡任务打卡 is Ok!
2021-07-09 09:52:42,069 - Bela - INFO - 输入要求 is Ok!
2021-07-09 09:58:46,530 - Bela - INFO - LoginBtn is click!
2021-07-09 09:58:53,669 - Bela - INFO - 任务打卡 is Ok!
2021-07-09 09:58:59,601 - Bela - INFO - 动画配音任务打卡 is Ok!
2021-07-09 09:59:16,801 - Bela - INFO - 输入要求 is Ok!
2021-07-09 10:01:18,974 - Bela - INFO - LoginBtn is click!
2021-07-09 10:01:25,963 - Bela - INFO - 任务打卡 is Ok!
2021-07-09 10:01:30,775 - Bela - INFO - 动画配音任务打卡 is Ok!
2021-07-09 10:01:46,581 - Bela - INFO - 输入要求 is Ok!
2021-07-09 10:17:00,763 - Bela - INFO - LoginBtn is click!
2021-07-09 10:17:04,572 - Bela - INFO - 任务打卡 is Ok!
2021-07-09 10:17:10,851 - Bela - INFO - 课件跟读任务打卡 is Ok!
2021-07-09 10:17:28,553 - Bela - INFO - 输入要求 is Ok!
2021-07-09 10:17:36,254 - Bela - INFO - 检查任务打卡 is Ok!
2021-07-09 10:19:53,946 - Bela - INFO - LoginBtn is click!
2021-07-09 10:20:03,033 - Bela - INFO - 任务打卡 is Ok!
2021-07-09 10:20:10,060 - Bela - INFO - 课件跟读任务打卡 is Ok!
2021-07-09 10:20:26,865 - Bela - INFO - 输入要求 is Ok!
2021-07-09 10:20:36,078 - Bela - INFO - 删除任务打卡 is Ok!
2021-07-09 10:21:10,727 - Bela - INFO - LoginBtn is click!
2021-07-09 10:21:19,209 - Bela - INFO - 任务打卡 is Ok!
2021-07-09 10:21:25,653 - Bela - INFO - 绘本跟读任务打卡 is Ok!
2021-07-09 10:21:42,583 - Bela - INFO - 输入要求 is Ok!
2021-07-09 10:21:51,771 - Bela - INFO - 删除任务打卡 is Ok!
2021-07-09 10:22:26,071 - Bela - INFO - LoginBtn is click!
2021-07-09 10:22:35,006 - Bela - INFO - 任务打卡 is Ok!
2021-07-09 10:22:40,044 - Bela - INFO - 动画配音任务打卡 is Ok!
2021-07-09 10:22:57,029 - Bela - INFO - 输入要求 is Ok!
2021-07-09 10:23:06,507 - Bela - INFO - 删除任务打卡 is Ok!
2021-07-09 10:23:41,453 - Bela - INFO - LoginBtn is click!
2021-07-09 10:23:49,993 - Bela - INFO - 任务打卡 is Ok!
2021-07-09 10:24:02,008 - Bela - INFO - 任意打卡任务打卡 is Ok!
2021-07-09 10:24:17,525 - Bela - INFO - 输入要求 is Ok!
2021-07-09 10:24:26,649 - Bela - INFO - 删除任务打卡 is Ok!
2021-07-09 11:01:41,548 - Bela - INFO - LoginBtn is click!
2021-07-09 11:01:48,066 - Bela - INFO - 进入打包练习 is Ok!
2021-07-09 11:01:49,725 - Bela - INFO - 添加打包练习 is Ok!
2021-07-09 11:02:00,358 - Bela - INFO - 单句 is Ok!
2021-07-09 11:02:02,743 - Bela - INFO - 输入要求 is Ok!
2021-07-09 11:02:11,934 - Bela - INFO - 发布打包练习 is Ok!
2021-07-09 11:02:21,787 - Bela - INFO - 删除练习 is Ok!
2021-07-09 11:02:57,127 - Bela - INFO - LoginBtn is click!
2021-07-09 11:03:03,260 - Bela - INFO - 进入打包练习 is Ok!
2021-07-09 11:03:04,939 - Bela - INFO - 添加打包练习 is Ok!
2021-07-09 11:03:23,650 - Bela - INFO - 多句 is Ok!
2021-07-09 11:03:26,118 - Bela - INFO - 输入要求 is Ok!
2021-07-09 11:03:35,606 - Bela - INFO - 发布打包练习 is Ok!
2021-07-09 11:03:45,680 - Bela - INFO - 删除练习 is Ok!
2021-07-09 11:04:21,091 - Bela - INFO - LoginBtn is click!
2021-07-09 11:04:28,028 - Bela - INFO - 进入打包练习 is Ok!
2021-07-09 11:04:29,527 - Bela - INFO - 添加打包练习 is Ok!
2021-07-09 11:04:32,873 - Bela - INFO - 选择练习内容 is Ok!
2021-07-09 11:04:37,311 - Bela - INFO - 选择照片 is Ok!
2021-07-09 11:04:39,990 - Bela - INFO - 输入要求 is Ok!
2021-07-09 11:04:49,317 - Bela - INFO - 发布打包练习 is Ok!
2021-07-09 11:04:59,691 - Bela - INFO - 删除练习 is Ok!
2021-07-09 11:05:34,190 - Bela - INFO - LoginBtn is click!
2021-07-09 11:05:40,430 - Bela - INFO - 进入打包练习 is Ok!
2021-07-09 11:05:42,270 - Bela - INFO - 添加打包练习 is Ok!
2021-07-09 11:05:50,037 - Bela - INFO - 动画配音 is Ok!
2021-07-09 11:05:52,446 - Bela - INFO - 输入要求 is Ok!
2021-07-09 11:06:01,988 - Bela - INFO - 发布打包练习 is Ok!
2021-07-09 11:06:11,986 - Bela - INFO - 删除练习 is Ok!
2021-07-09 11:06:46,526 - Bela - INFO - LoginBtn is click!
2021-07-09 11:06:52,277 - Bela - INFO - 进入打包练习 is Ok!
2021-07-09 11:06:54,325 - Bela - INFO - 添加打包练习 is Ok!
2021-07-09 11:06:55,047 - Bela - INFO - 添加打包练习 is Ok!
2021-07-09 11:06:55,784 - Bela - INFO - 添加打包练习 is Ok!
2021-07-09 11:06:57,122 - Bela - INFO - 添加打包练习 is Ok!
2021-07-09 11:06:57,865 - Bela - INFO - 添加打包练习 is Ok!
2021-07-09 11:07:08,004 - Bela - INFO - 单句 is Ok!
2021-07-09 11:07:10,401 - Bela - INFO - 输入要求 is Ok!
2021-07-09 11:07:29,869 - Bela - INFO - 多句 is Ok!
2021-07-09 11:07:32,308 - Bela - INFO - 输入要求 is Ok!
2021-07-09 11:07:36,390 - Bela - INFO - 选择练习内容 is Ok!
2021-07-09 11:07:41,100 - Bela - INFO - 选择照片 is Ok!
2021-07-09 11:07:43,770 - Bela - INFO - 输入要求 is Ok!
2021-07-09 11:07:51,911 - Bela - INFO - 动画配音 is Ok!
2021-07-09 11:07:54,259 - Bela - INFO - 输入要求 is Ok!
2021-07-09 11:07:58,416 - Bela - INFO - 选择练习内容 is Ok!
2021-07-09 11:08:03,056 - Bela - INFO - 选择照片 is Ok!
2021-07-09 11:08:05,705 - Bela - INFO - 输入要求 is Ok!
2021-07-09 11:08:15,018 - Bela - INFO - 发布打包练习 is Ok!
2021-07-09 11:08:25,976 - Bela - INFO - 删除练习 is Ok!
2021-07-09 11:12:10,597 - Bela - INFO - LoginBtn is click!
2021-07-09 11:12:16,011 - Bela - INFO - 进入打包练习 is Ok!
2021-07-09 11:12:17,579 - Bela - INFO - 添加打包练习 is Ok!
2021-07-09 11:12:27,476 - Bela - INFO - 单句 is Ok!
2021-07-09 11:12:29,468 - Bela - INFO - 输入要求 is Ok!
2021-07-09 11:12:38,855 - Bela - INFO - 发布打包练习 is Ok!
2021-07-09 11:12:48,619 - Bela - INFO - 删除练习 is Ok!
2021-07-09 11:13:23,703 - Bela - INFO - LoginBtn is click!
2021-07-09 11:13:29,789 - Bela - INFO - 进入打包练习 is Ok!
2021-07-09 11:13:31,598 - Bela - INFO - 添加打包练习 is Ok!
2021-07-09 11:13:50,304 - Bela - INFO - 多句 is Ok!
2021-07-09 11:13:52,816 - Bela - INFO - 输入要求 is Ok!
2021-07-09 11:14:03,008 - Bela - INFO - 发布打包练习 is Ok!
2021-07-09 11:14:12,996 - Bela - INFO - 删除练习 is Ok!
2021-07-09 11:14:48,402 - Bela - INFO - LoginBtn is click!
2021-07-09 11:14:54,514 - Bela - INFO - 进入打包练习 is Ok!
2021-07-09 11:14:56,234 - Bela - INFO - 添加打包练习 is Ok!
2021-07-09 11:14:59,864 - Bela - INFO - 选择练习内容 is Ok!
2021-07-09 11:15:04,350 - Bela - INFO - 选择照片 is Ok!
2021-07-09 11:15:06,860 - Bela - INFO - 输入要求 is Ok!
2021-07-09 11:15:16,323 - Bela - INFO - 发布打包练习 is Ok!
2021-07-09 11:15:26,671 - Bela - INFO - 删除练习 is Ok!
2021-07-09 11:16:06,965 - Bela - INFO - LoginBtn is click!
2021-07-09 11:16:13,180 - Bela - INFO - 进入打包练习 is Ok!
2021-07-09 11:16:15,268 - Bela - INFO - 添加打包练习 is Ok!
2021-07-09 11:16:24,458 - Bela - INFO - 动画配音 is Ok!
2021-07-09 11:16:37,327 - Bela - INFO - 输入要求 is Ok!
2021-07-09 11:26:50,484 - Bela - INFO - LoginBtn is click!
2021-07-09 11:26:56,589 - Bela - INFO - 进入打包练习 is Ok!
2021-07-09 11:26:58,373 - Bela - INFO - 添加打包练习 is Ok!
2021-07-09 11:27:09,079 - Bela - INFO - 单句 is Ok!
2021-07-09 11:27:11,419 - Bela - INFO - 输入要求 is Ok!
2021-07-09 11:27:20,712 - Bela - INFO - 发布打包练习 is Ok!
2021-07-09 11:27:30,546 - Bela - INFO - 删除练习 is Ok!
2021-07-09 11:28:04,917 - Bela - INFO - LoginBtn is click!
2021-07-09 11:28:11,399 - Bela - INFO - 进入打包练习 is Ok!
2021-07-09 11:28:13,151 - Bela - INFO - 添加打包练习 is Ok!
2021-07-09 11:28:31,224 - Bela - INFO - 多句 is Ok!
2021-07-09 11:28:33,744 - Bela - INFO - 输入要求 is Ok!
2021-07-09 11:28:43,177 - Bela - INFO - 发布打包练习 is Ok!
2021-07-09 11:28:52,976 - Bela - INFO - 删除练习 is Ok!
2021-07-09 11:29:27,551 - Bela - INFO - LoginBtn is click!
2021-07-09 11:29:34,276 - Bela - INFO - 进入打包练习 is Ok!
2021-07-09 11:29:36,823 - Bela - INFO - 添加打包练习 is Ok!
2021-07-09 11:29:41,071 - Bela - INFO - 选择练习内容 is Ok!
2021-07-09 11:29:46,461 - Bela - INFO - 选择照片 is Ok!
2021-07-09 11:29:49,257 - Bela - INFO - 输入要求 is Ok!
2021-07-09 11:29:59,175 - Bela - INFO - 发布打包练习 is Ok!
2021-07-09 11:30:10,579 - Bela - INFO - 删除练习 is Ok!
2021-07-09 11:30:56,142 - Bela - INFO - LoginBtn is click!
2021-07-09 11:31:04,003 - Bela - INFO - 进入打包练习 is Ok!
2021-07-09 11:31:06,140 - Bela - INFO - 添加打包练习 is Ok!
2021-07-09 11:31:17,054 - Bela - INFO - 动画配音 is Ok!
2021-07-09 11:31:19,575 - Bela - INFO - 输入要求 is Ok!
2021-07-09 11:31:29,022 - Bela - INFO - 发布打包练习 is Ok!
2021-07-09 11:31:38,775 - Bela - INFO - 删除练习 is Ok!
2021-07-09 11:32:18,827 - Bela - INFO - LoginBtn is click!
2021-07-09 11:32:28,321 - Bela - INFO - 进入打包练习 is Ok!
2021-07-09 11:32:30,274 - Bela - INFO - 添加打包练习 is Ok!
2021-07-09 11:32:31,011 - Bela - INFO - 添加打包练习 is Ok!
2021-07-09 11:32:31,787 - Bela - INFO - 添加打包练习 is Ok!
2021-07-09 11:32:32,535 - Bela - INFO - 添加打包练习 is Ok!
2021-07-09 11:32:33,292 - Bela - INFO - 添加打包练习 is Ok!
2021-07-09 11:32:44,245 - Bela - INFO - 单句 is Ok!
2021-07-09 11:32:46,733 - Bela - INFO - 输入要求 is Ok!
2021-07-09 11:33:08,118 - Bela - INFO - 多句 is Ok!
2021-07-09 11:33:10,536 - Bela - INFO - 输入要求 is Ok!
2021-07-09 11:33:14,890 - Bela - INFO - 选择练习内容 is Ok!
2021-07-09 11:33:19,767 - Bela - INFO - 选择照片 is Ok!
2021-07-09 11:33:22,751 - Bela - INFO - 输入要求 is Ok!
2021-07-09 11:33:32,252 - Bela - INFO - 动画配音 is Ok!
2021-07-09 11:33:34,760 - Bela - INFO - 输入要求 is Ok!
2021-07-09 11:33:39,414 - Bela - INFO - 选择练习内容 is Ok!
2021-07-09 11:33:45,371 - Bela - INFO - 选择照片 is Ok!
2021-07-09 11:33:48,104 - Bela - INFO - 输入要求 is Ok!
2021-07-09 11:33:57,924 - Bela - INFO - 发布打包练习 is Ok!
2021-07-09 11:42:16,012 - Bela - INFO - LoginBtn is click!
2021-07-09 11:42:21,527 - Bela - INFO - 进入打包练习 is Ok!
2021-07-09 11:42:23,349 - Bela - INFO - 添加打包练习 is Ok!
2021-07-09 11:42:33,851 - Bela - INFO - 单句 is Ok!
2021-07-09 11:42:36,212 - Bela - INFO - 输入要求 is Ok!
2021-07-09 11:42:45,756 - Bela - INFO - 发布打包练习 is Ok!
2021-07-09 11:49:11,536 - Bela - INFO - LoginBtn is click!
2021-07-09 11:49:13,175 - Bela - INFO - 进入打包练习 is Ok!
2021-07-09 11:49:14,840 - Bela - INFO - 添加打包练习 is Ok!
2021-07-09 11:49:24,564 - Bela - INFO - 单句 is Ok!
2021-07-09 11:49:26,946 - Bela - INFO - 输入要求 is Ok!
2021-07-09 11:49:35,966 - Bela - INFO - 发布打包练习 is Ok!
2021-07-09 11:50:13,272 - Bela - INFO - LoginBtn is click!
2021-07-09 11:50:19,120 - Bela - INFO - 进入打包练习 is Ok!
2021-07-09 11:50:21,240 - Bela - INFO - 添加打包练习 is Ok!
2021-07-09 11:50:39,461 - Bela - INFO - 多句 is Ok!
2021-07-09 11:50:41,791 - Bela - INFO - 输入要求 is Ok!
2021-07-09 11:50:51,222 - Bela - INFO - 发布打包练习 is Ok!
2021-07-09 11:51:29,691 - Bela - INFO - LoginBtn is click!
2021-07-09 11:51:36,245 - Bela - INFO - 进入打包练习 is Ok!
2021-07-09 11:51:37,937 - Bela - INFO - 添加打包练习 is Ok!
2021-07-09 11:51:41,193 - Bela - INFO - 选择练习内容 is Ok!
2021-07-09 11:51:45,734 - Bela - INFO - 选择照片 is Ok!
2021-07-09 11:51:48,332 - Bela - INFO - 输入要求 is Ok!
2021-07-09 11:51:57,602 - Bela - INFO - 发布打包练习 is Ok!
2021-07-09 11:52:36,290 - Bela - INFO - LoginBtn is click!
2021-07-09 11:52:42,456 - Bela - INFO - 进入打包练习 is Ok!
2021-07-09 11:52:44,204 - Bela - INFO - 添加打包练习 is Ok!
2021-07-09 11:52:51,472 - Bela - INFO - 动画配音 is Ok!
2021-07-09 11:52:53,761 - Bela - INFO - 输入要求 is Ok!
2021-07-09 11:53:03,340 - Bela - INFO - 发布打包练习 is Ok!
2021-07-09 11:53:41,787 - Bela - INFO - LoginBtn is click!
2021-07-09 11:53:47,509 - Bela - INFO - 进入打包练习 is Ok!
2021-07-09 11:53:49,412 - Bela - INFO - 添加打包练习 is Ok!
2021-07-09 11:53:50,127 - Bela - INFO - 添加打包练习 is Ok!
2021-07-09 11:53:50,857 - Bela - INFO - 添加打包练习 is Ok!
2021-07-09 11:53:51,563 - Bela - INFO - 添加打包练习 is Ok!
2021-07-09 11:53:52,339 - Bela - INFO - 添加打包练习 is Ok!
2021-07-09 11:54:02,983 - Bela - INFO - 单句 is Ok!
2021-07-09 11:54:05,424 - Bela - INFO - 输入要求 is Ok!
2021-07-09 11:54:24,657 - Bela - INFO - 多句 is Ok!
2021-07-09 11:54:27,072 - Bela - INFO - 输入要求 is Ok!
2021-07-09 11:54:30,913 - Bela - INFO - 选择练习内容 is Ok!
2021-07-09 11:54:35,586 - Bela - INFO - 选择照片 is Ok!
2021-07-09 11:54:38,068 - Bela - INFO - 输入要求 is Ok!
2021-07-09 11:54:46,248 - Bela - INFO - 动画配音 is Ok!
2021-07-09 11:54:48,522 - Bela - INFO - 输入要求 is Ok!
2021-07-09 11:54:52,499 - Bela - INFO - 选择练习内容 is Ok!
2021-07-09 11:54:56,867 - Bela - INFO - 选择照片 is Ok!
2021-07-09 11:54:59,308 - Bela - INFO - 输入要求 is Ok!
2021-07-09 11:55:08,679 - Bela - INFO - 发布打包练习 is Ok!
2021-07-09 13:39:26,374 - Bela - INFO - LoginBtn is click!
2021-07-09 13:39:28,472 - Bela - INFO - 进入点名 is Ok!
2021-07-09 13:44:33,388 - Bela - INFO - LoginBtn is click!
2021-07-09 13:44:40,488 - Bela - INFO - 进入点名 is Ok!
2021-07-09 13:48:17,396 - Bela - INFO - LoginBtn is click!
2021-07-09 13:48:22,819 - Bela - INFO - 进入点名 is Ok!
2021-07-09 13:49:56,264 - Bela - INFO - LoginBtn is click!
2021-07-09 13:50:03,498 - Bela - INFO - 进入点名 is Ok!
2021-07-09 14:00:15,193 - Bela - INFO - LoginBtn is click!
2021-07-09 14:00:21,764 - Bela - INFO - 进入点名 is Ok!
2021-07-09 14:00:32,969 - Bela - INFO - 编辑课次信息 is Ok!
2021-07-09 14:04:47,688 - Bela - INFO - LoginBtn is click!
2021-07-09 14:04:54,048 - Bela - INFO - 进入点名 is Ok!
2021-07-09 14:05:05,735 - Bela - INFO - 编辑课次信息 is Ok!
2021-07-09 14:39:27,083 - Bela - INFO - LoginBtn is click!
2021-07-09 14:39:29,279 - Bela - INFO - 进入点名 is Ok!
2021-07-09 14:39:39,898 - Bela - INFO - 编辑课次信息 is Ok!
2021-07-09 14:43:21,976 - Bela - INFO - LoginBtn is click!
2021-07-09 14:43:28,231 - Bela - INFO - 进入点名 is Ok!
2021-07-09 14:43:39,437 - Bela - INFO - 编辑课次信息 is Ok!
2021-07-09 14:44:29,448 - Bela - INFO - LoginBtn is click!
2021-07-09 14:44:36,342 - Bela - INFO - 进入点名 is Ok!
2021-07-09 14:45:24,126 - Bela - INFO - LoginBtn is click!
2021-07-09 14:45:30,866 - Bela - INFO - 进入点名 is Ok!
2021-07-09 14:45:42,456 - Bela - INFO - 编辑课次信息 is Ok!
2021-07-09 14:47:18,363 - Bela - INFO - LoginBtn is click!
2021-07-09 14:47:25,361 - Bela - INFO - 进入点名 is Ok!
2021-07-09 14:47:36,920 - Bela - INFO - 编辑课次信息 is Ok!
2021-07-09 14:53:39,311 - Bela - INFO - LoginBtn is click!
2021-07-09 14:53:46,395 - Bela - INFO - 进入点名 is Ok!
2021-07-09 14:53:58,047 - Bela - INFO - 编辑课次信息 is Ok!
2021-07-09 14:55:19,793 - Bela - INFO - LoginBtn is click!
2021-07-09 14:55:26,030 - Bela - INFO - 进入点名 is Ok!
2021-07-09 14:55:38,137 - Bela - INFO - 编辑课次信息 is Ok!
2021-07-09 14:57:53,494 - Bela - INFO - LoginBtn is click!
2021-07-09 14:58:00,802 - Bela - INFO - 进入点名 is Ok!
2021-07-09 14:58:12,331 - Bela - INFO - 编辑课次信息 is Ok!
2021-07-09 15:00:06,359 - Bela - INFO - LoginBtn is click!
2021-07-09 15:00:13,256 - Bela - INFO - 进入点名 is Ok!
2021-07-09 15:00:25,426 - Bela - INFO - 编辑课次信息 is Ok!
2021-07-09 15:04:40,471 - Bela - INFO - LoginBtn is click!
2021-07-09 15:04:42,445 - Bela - INFO - 进入点名 is Ok!
2021-07-09 15:04:53,548 - Bela - INFO - 编辑课次信息 is Ok!
2021-07-09 15:08:44,798 - Bela - INFO - LoginBtn is click!
2021-07-09 15:08:50,906 - Bela - INFO - 进入点名 is Ok!
2021-07-09 15:09:03,593 - Bela - INFO - 编辑课次信息 is Ok!
2021-07-09 15:11:18,359 - Bela - INFO - LoginBtn is click!
2021-07-09 15:11:21,194 - Bela - INFO - 进入点名 is Ok!
2021-07-09 15:11:33,121 - Bela - INFO - 编辑课次信息 is Ok!
2021-07-09 15:15:21,871 - Bela - INFO - LoginBtn is click!
2021-07-09 15:15:28,564 - Bela - INFO - 进入点名 is Ok!
2021-07-09 15:15:40,636 - Bela - INFO - 编辑课次信息 is Ok!
2021-07-09 15:17:15,334 - Bela - INFO - LoginBtn is click!
2021-07-09 15:17:22,420 - Bela - INFO - 进入点名 is Ok!
2021-07-09 15:17:34,459 - Bela - INFO - 编辑课次信息 is Ok!
2021-07-09 15:17:49,403 - Bela - INFO - 编辑课次多媒体 is Ok!
2021-07-09 15:45:59,400 - Bela - INFO - LoginBtn is click!
2021-07-09 15:46:04,828 - Bela - INFO - 进入点名 is Ok!
2021-07-09 15:46:16,186 - Bela - INFO - 编辑课次信息 is Ok!
2021-07-09 15:50:20,758 - Bela - INFO - LoginBtn is click!
2021-07-09 15:50:26,562 - Bela - INFO - 进入点名 is Ok!
2021-07-09 15:50:37,504 - Bela - INFO - 编辑课次信息 is Ok!
2021-07-09 15:51:14,874 - Bela - INFO - 编辑课次多媒体 is Ok!
2021-07-09 15:54:18,380 - Bela - INFO - LoginBtn is click!
2021-07-09 15:54:24,734 - Bela - INFO - 进入点名 is Ok!
2021-07-09 15:54:36,606 - Bela - INFO - 编辑课次信息 is Ok!
2021-07-09 15:58:23,201 - Bela - INFO - LoginBtn is click!
2021-07-09 15:58:30,124 - Bela - INFO - 进入点名 is Ok!
2021-07-09 15:58:41,563 - Bela - INFO - 编辑课次信息 is Ok!
2021-07-09 15:59:04,641 - Bela - INFO - 编辑课次多媒体 is Ok!
2021-07-09 15:59:14,996 - Bela - INFO - 检查断言 is Ok!
2021-07-09 16:01:25,818 - Bela - INFO - LoginBtn is click!
2021-07-09 16:01:32,527 - Bela - INFO - 进入点名 is Ok!
2021-07-09 16:01:44,387 - Bela - INFO - 编辑课次信息 is Ok!
2021-07-09 16:01:59,218 - Bela - INFO - 编辑课次多媒体 is Ok!
2021-07-09 16:02:08,662 - Bela - INFO - 检查断言 is Ok!
2021-07-09 16:02:51,439 - Bela - INFO - LoginBtn is click!
2021-07-09 16:02:59,737 - Bela - INFO - 进入点名 is Ok!
2021-07-09 16:03:12,403 - Bela - INFO - 编辑课次信息 is Ok!
2021-07-09 16:03:37,380 - Bela - INFO - 编辑课次多媒体 is Ok!
2021-07-09 16:03:47,857 - Bela - INFO - 检查断言 is Ok!
2021-07-09 16:05:12,235 - Bela - INFO - LoginBtn is click!
2021-07-09 16:05:18,946 - Bela - INFO - 进入点名 is Ok!
2021-07-09 16:05:32,429 - Bela - INFO - 编辑课次信息 is Ok!
2021-07-09 16:06:03,044 - Bela - INFO - 编辑课次多媒体 is Ok!
2021-07-09 16:06:13,025 - Bela - INFO - 检查断言 is Ok!
2021-07-09 16:08:07,227 - Bela - INFO - LoginBtn is click!
2021-07-09 16:08:12,467 - Bela - INFO - 进入点名 is Ok!
2021-07-09 16:08:23,763 - Bela - INFO - 编辑课次信息 is Ok!
2021-07-09 16:08:48,868 - Bela - INFO - 编辑课次多媒体 is Ok!
2021-07-09 16:10:52,182 - Bela - INFO - LoginBtn is click!
2021-07-09 16:10:57,685 - Bela - INFO - 进入点名 is Ok!
2021-07-09 16:11:08,953 - Bela - INFO - 编辑课次信息 is Ok!
2021-07-09 16:16:08,345 - Bela - INFO - LoginBtn is click!
2021-07-09 16:16:13,636 - Bela - INFO - 进入点名 is Ok!
2021-07-09 16:16:25,558 - Bela - INFO - 编辑课次信息 is Ok!
2021-07-09 16:16:39,482 - Bela - INFO - 编辑课次多媒体 is Ok!
2021-07-09 16:16:51,890 - Bela - INFO - 检查断言 is Ok!
2021-07-09 16:17:31,609 - Bela - INFO - LoginBtn is click!
2021-07-09 16:17:39,702 - Bela - INFO - 进入点名 is Ok!
2021-07-09 16:17:52,315 - Bela - INFO - 编辑课次信息 is Ok!
2021-07-09 16:20:32,878 - Bela - INFO - LoginBtn is click!
2021-07-09 16:20:38,343 - Bela - INFO - 进入点名 is Ok!
2021-07-09 16:20:49,940 - Bela - INFO - 编辑课次信息 is Ok!
2021-07-09 16:21:25,023 - Bela - INFO - 编辑课次多媒体 is Ok!
2021-07-09 16:21:37,039 - Bela - INFO - 检查断言 is Ok!
2021-07-09 16:22:18,428 - Bela - INFO - LoginBtn is click!
2021-07-09 16:22:26,409 - Bela - INFO - 进入点名 is Ok!
2021-07-09 16:22:38,751 - Bela - INFO - 编辑课次信息 is Ok!
2021-07-09 16:23:53,883 - Bela - INFO - LoginBtn is click!
2021-07-09 16:23:59,990 - Bela - INFO - 进入点名 is Ok!
2021-07-09 16:24:11,586 - Bela - INFO - 编辑课次信息 is Ok!
2021-07-09 16:24:24,941 - Bela - INFO - 编辑课次多媒体 is Ok!
2021-07-09 16:24:37,711 - Bela - INFO - 检查断言 is Ok!
2021-07-09 16:26:26,610 - Bela - INFO - LoginBtn is click!
2021-07-09 16:26:33,405 - Bela - INFO - 进入点名 is Ok!
2021-07-09 16:26:45,161 - Bela - INFO - 编辑课次信息 is Ok!
2021-07-09 16:27:09,985 - Bela - INFO - 编辑课次多媒体 is Ok!
2021-07-09 16:27:22,104 - Bela - INFO - 检查断言 is Ok!
2021-07-09 16:28:04,078 - Bela - INFO - LoginBtn is click!
2021-07-09 16:28:11,955 - Bela - INFO - 进入点名 is Ok!
2021-07-09 16:28:25,663 - Bela - INFO - 编辑课次信息 is Ok!
2021-07-09 16:30:04,339 - Bela - INFO - LoginBtn is click!
2021-07-09 16:30:11,926 - Bela - INFO - 进入点名 is Ok!
2021-07-09 16:30:23,611 - Bela - INFO - 编辑课次信息 is Ok!
2021-07-09 16:30:44,750 - Bela - INFO - 编辑课次多媒体 is Ok!
2021-07-09 16:30:56,714 - Bela - INFO - 检查断言 is Ok!
2021-07-09 16:31:41,118 - Bela - INFO - LoginBtn is click!
2021-07-09 16:31:48,874 - Bela - INFO - 进入点名 is Ok!
2021-07-09 16:32:26,908 - Bela - INFO - 编辑课次信息 is Ok!
2021-07-09 16:32:48,156 - Bela - INFO - 编辑课次多媒体 is Ok!
2021-07-09 16:34:57,404 - Bela - INFO - LoginBtn is click!
2021-07-09 16:35:03,202 - Bela - INFO - 进入点名 is Ok!
2021-07-09 16:35:15,260 - Bela - INFO - 编辑课次信息 is Ok!
2021-07-09 16:35:28,905 - Bela - INFO - 编辑课次多媒体 is Ok!
2021-07-09 16:35:41,221 - Bela - INFO - 检查断言 is Ok!
2021-07-09 16:37:30,626 - Bela - INFO - LoginBtn is click!
2021-07-09 16:37:36,010 - Bela - INFO - 进入点名 is Ok!
2021-07-09 16:37:47,337 - Bela - INFO - 编辑课次信息 is Ok!
2021-07-09 16:38:08,694 - Bela - INFO - 编辑课次多媒体 is Ok!
2021-07-09 16:38:22,315 - Bela - INFO - 检查断言 is Ok!
2021-07-09 16:39:09,195 - Bela - INFO - LoginBtn is click!
2021-07-09 16:39:17,101 - Bela - INFO - 进入点名 is Ok!
2021-07-09 16:39:30,139 - Bela - INFO - 编辑课次信息 is Ok!
2021-07-09 16:39:50,014 - Bela - INFO - 编辑课次多媒体 is Ok!
2021-07-09 16:40:02,910 - Bela - INFO - 检查断言 is Ok!
2021-07-09 16:41:08,619 - Bela - INFO - LoginBtn is click!
2021-07-09 16:41:16,263 - Bela - INFO - 进入点名 is Ok!
2021-07-09 16:41:28,538 - Bela - INFO - 编辑课次信息 is Ok!
2021-07-09 16:41:56,219 - Bela - INFO - 编辑课次多媒体 is Ok!
2021-07-09 16:42:09,147 - Bela - INFO - 检查断言 is Ok!
2021-07-09 16:42:52,972 - Bela - INFO - LoginBtn is click!
2021-07-09 16:43:01,061 - Bela - INFO - 进入点名 is Ok!
2021-07-09 16:43:13,480 - Bela - INFO - 编辑课次信息 is Ok!
2021-07-09 16:43:33,567 - Bela - INFO - 编辑课次多媒体 is Ok!
2021-07-09 16:43:45,705 - Bela - INFO - 检查断言 is Ok!
2021-07-09 17:17:59,001 - Bela - WARNING - Can not find element: //*[@text='办公桌']
2021-07-09 17:17:59,001 - Bela - WARNING - Can not find element: //*[@text='办公桌']
2021-07-09 17:24:23,747 - Bela - INFO - LoginBtn is click!
2021-07-09 17:24:32,066 - Bela - INFO - 进入班级通知 is Ok!
2021-07-09 17:24:39,108 - Bela - INFO - 添加班级通知 is Ok!
2021-07-09 17:26:31,631 - Bela - INFO - LoginBtn is click!
2021-07-09 17:26:41,486 - Bela - INFO - 进入班级通知 is Ok!
2021-07-09 17:26:48,608 - Bela - INFO - 添加班级通知 is Ok!
2021-07-09 17:28:02,477 - Bela - INFO - LoginBtn is click!
2021-07-09 17:28:13,990 - Bela - INFO - 进入班级通知 is Ok!
2021-07-09 17:28:22,050 - Bela - INFO - 添加班级通知 is Ok!
2021-07-09 17:28:30,889 - Bela - INFO - 添加视频 is Ok!
