2021-07-08 11:43:28,607 - Bela - INFO - LoginBtn is click!
2021-07-08 11:43:33,164 - Bela - INFO - 进入打包练习 is Ok!
2021-07-08 11:43:35,933 - Bela - INFO - 添加打包练习 is Ok!
2021-07-08 11:43:52,223 - Bela - INFO - 单句 is Ok!
2021-07-08 11:44:05,135 - Bela - INFO - 输入要求 is Ok!
2021-07-08 11:44:13,786 - Bela - INFO - 发布打包练习 is Ok!
2021-07-08 11:54:44,230 - Bela - INFO - LoginBtn is click!
2021-07-08 12:41:02,124 - Bela - INFO - LoginBtn is click!
2021-07-08 12:41:08,104 - Bela - INFO - 任务打卡 is Ok!
2021-07-08 12:42:05,899 - Bela - INFO - LoginBtn is click!
2021-07-08 12:42:12,148 - Bela - INFO - 任务打卡 is Ok!
2021-07-08 12:44:35,378 - Bela - INFO - LoginBtn is click!
2021-07-08 12:44:41,365 - Bela - INFO - 任务打卡 is Ok!
2021-07-08 12:46:25,284 - Bela - INFO - LoginBtn is click!
2021-07-08 12:46:31,314 - Bela - INFO - 任务打卡 is Ok!
2021-07-08 12:48:14,810 - Bela - INFO - LoginBtn is click!
2021-07-08 12:48:21,357 - Bela - INFO - 任务打卡 is Ok!
2021-07-08 12:51:01,643 - Bela - INFO - LoginBtn is click!
2021-07-08 12:51:07,778 - Bela - INFO - 任务打卡 is Ok!
2021-07-08 12:53:15,959 - Bela - INFO - LoginBtn is click!
2021-07-08 12:53:22,294 - Bela - INFO - 任务打卡 is Ok!
2021-07-08 12:55:44,643 - Bela - INFO - LoginBtn is click!
2021-07-08 12:55:47,765 - Bela - INFO - 任务打卡 is Ok!
2021-07-08 12:59:53,217 - Bela - INFO - LoginBtn is click!
2021-07-08 12:59:59,323 - Bela - INFO - 任务打卡 is Ok!
2021-07-08 13:02:13,386 - Bela - INFO - LoginBtn is click!
2021-07-08 13:02:16,568 - Bela - INFO - 任务打卡 is Ok!
2021-07-08 13:08:03,302 - Bela - INFO - LoginBtn is click!
2021-07-08 13:08:06,320 - Bela - INFO - 任务打卡 is Ok!
2021-07-08 13:10:35,858 - Bela - INFO - LoginBtn is click!
2021-07-08 13:10:39,285 - Bela - INFO - 任务打卡 is Ok!
2021-07-08 13:10:49,819 - Bela - INFO - 任意打卡任务打卡 is Ok!
2021-07-08 13:11:01,918 - Bela - INFO - 输入要求 is Ok!
2021-07-08 13:24:58,249 - Bela - INFO - LoginBtn is click!
2021-07-08 13:25:04,747 - Bela - INFO - 任务打卡 is Ok!
2021-07-08 13:25:15,036 - Bela - INFO - 任意打卡任务打卡 is Ok!
2021-07-08 13:25:25,836 - Bela - INFO - 输入要求 is Ok!
2021-07-08 13:27:04,654 - Bela - INFO - LoginBtn is click!
2021-07-08 13:27:08,492 - Bela - INFO - 进入打包练习 is Ok!
2021-07-08 13:27:14,773 - Bela - INFO - 添加打包练习 is Ok!
2021-07-08 13:27:22,403 - Bela - INFO - 单句 is Ok!
2021-07-08 13:27:24,559 - Bela - INFO - 输入要求 is Ok!
2021-07-08 13:27:33,177 - Bela - INFO - 发布打包练习 is Ok!
2021-07-08 13:36:26,886 - Bela - INFO - LoginBtn is click!
2021-07-08 13:36:30,752 - Bela - INFO - 进入打包练习 is Ok!
2021-07-08 13:36:32,090 - Bela - INFO - 添加打包练习 is Ok!
2021-07-08 13:36:39,911 - Bela - INFO - 单句 is Ok!
2021-07-08 13:36:42,004 - Bela - INFO - 输入要求 is Ok!
2021-07-08 13:36:50,544 - Bela - INFO - 发布打包练习 is Ok!
2021-07-08 13:39:53,619 - Bela - INFO - LoginBtn is click!
2021-07-08 13:39:58,420 - Bela - INFO - 进入打包练习 is Ok!
2021-07-08 13:40:00,091 - Bela - INFO - 添加打包练习 is Ok!
2021-07-08 13:40:08,570 - Bela - INFO - 单句 is Ok!
2021-07-08 13:40:10,716 - Bela - INFO - 输入要求 is Ok!
2021-07-08 13:40:19,476 - Bela - INFO - 发布打包练习 is Ok!
2021-07-08 13:40:49,479 - Bela - INFO - LoginBtn is click!
2021-07-08 13:40:54,102 - Bela - INFO - 进入打包练习 is Ok!
2021-07-08 13:40:55,554 - Bela - INFO - 添加打包练习 is Ok!
2021-07-08 13:51:55,435 - Bela - INFO - LoginBtn is click!
2021-07-08 13:52:00,062 - Bela - INFO - 进入打包练习 is Ok!
2021-07-08 13:52:07,653 - Bela - INFO - 添加打包练习 is Ok!
2021-07-08 13:52:15,806 - Bela - INFO - 单句 is Ok!
2021-07-08 13:52:17,996 - Bela - INFO - 输入要求 is Ok!
2021-07-08 13:52:26,727 - Bela - INFO - 发布打包练习 is Ok!
2021-07-08 13:52:57,531 - Bela - INFO - LoginBtn is click!
2021-07-08 13:53:02,185 - Bela - INFO - 进入打包练习 is Ok!
2021-07-08 13:53:03,750 - Bela - INFO - 添加打包练习 is Ok!
2021-07-08 13:54:11,877 - Bela - INFO - LoginBtn is click!
2021-07-08 13:54:17,285 - Bela - INFO - 进入打包练习 is Ok!
2021-07-08 13:54:19,649 - Bela - INFO - 添加打包练习 is Ok!
2021-07-08 13:54:29,099 - Bela - INFO - 单句 is Ok!
2021-07-08 13:54:31,990 - Bela - INFO - 输入要求 is Ok!
2021-07-08 13:54:41,030 - Bela - INFO - 发布打包练习 is Ok!
2021-07-08 13:55:23,029 - Bela - INFO - LoginBtn is click!
2021-07-08 13:55:28,947 - Bela - INFO - 进入打包练习 is Ok!
2021-07-08 13:55:30,750 - Bela - INFO - 添加打包练习 is Ok!
2021-07-08 14:14:55,436 - Bela - INFO - LoginBtn is click!
2021-07-08 14:15:00,671 - Bela - INFO - 进入打包练习 is Ok!
2021-07-08 14:15:08,016 - Bela - INFO - 添加打包练习 is Ok!
2021-07-08 14:15:17,136 - Bela - INFO - 单句 is Ok!
2021-07-08 14:15:20,306 - Bela - INFO - 输入要求 is Ok!
2021-07-08 14:15:29,826 - Bela - INFO - 发布打包练习 is Ok!
2021-07-08 14:16:32,876 - Bela - INFO - LoginBtn is click!
2021-07-08 14:16:39,771 - Bela - INFO - 进入打包练习 is Ok!
2021-07-08 14:16:41,565 - Bela - INFO - 添加打包练习 is Ok!
2021-07-08 14:19:48,052 - Bela - INFO - LoginBtn is click!
2021-07-08 14:19:52,426 - Bela - INFO - 进入打包练习 is Ok!
2021-07-08 14:19:54,136 - Bela - INFO - 添加打包练习 is Ok!
2021-07-08 14:20:03,647 - Bela - INFO - 单句 is Ok!
2021-07-08 14:20:05,823 - Bela - INFO - 输入要求 is Ok!
2021-07-08 14:20:14,956 - Bela - INFO - 发布打包练习 is Ok!
2021-07-08 14:20:58,174 - Bela - INFO - LoginBtn is click!
2021-07-08 14:21:00,215 - Bela - INFO - 进入打包练习 is Ok!
2021-07-08 14:21:01,883 - Bela - INFO - 添加打包练习 is Ok!
2021-07-08 14:32:40,775 - Bela - INFO - LoginBtn is click!
2021-07-08 14:32:42,298 - Bela - INFO - 进入打包练习 is Ok!
2021-07-08 14:32:43,795 - Bela - INFO - 添加打包练习 is Ok!
2021-07-08 14:32:53,115 - Bela - INFO - 单句 is Ok!
2021-07-08 14:32:55,487 - Bela - INFO - 输入要求 is Ok!
2021-07-08 14:33:05,135 - Bela - INFO - 发布打包练习 is Ok!
2021-07-08 14:33:41,540 - Bela - INFO - LoginBtn is click!
2021-07-08 14:33:46,786 - Bela - INFO - 进入打包练习 is Ok!
2021-07-08 14:33:48,265 - Bela - INFO - 添加打包练习 is Ok!
2021-07-08 14:37:58,863 - Bela - INFO - LoginBtn is click!
2021-07-08 14:38:02,168 - Bela - INFO - 进入打包练习 is Ok!
2021-07-08 14:38:04,786 - Bela - INFO - 添加打包练习 is Ok!
2021-07-08 14:38:12,640 - Bela - INFO - 单句 is Ok!
2021-07-08 14:38:14,837 - Bela - INFO - 输入要求 is Ok!
2021-07-08 14:38:23,412 - Bela - INFO - 发布打包练习 is Ok!
2021-07-08 14:38:56,310 - Bela - INFO - LoginBtn is click!
2021-07-08 14:39:01,507 - Bela - INFO - 进入打包练习 is Ok!
2021-07-08 14:39:02,992 - Bela - INFO - 添加打包练习 is Ok!
2021-07-08 14:45:30,051 - Bela - INFO - LoginBtn is click!
2021-07-08 14:45:34,731 - Bela - INFO - 进入打包练习 is Ok!
2021-07-08 14:45:36,431 - Bela - INFO - 添加打包练习 is Ok!
2021-07-08 14:45:45,478 - Bela - INFO - 单句 is Ok!
2021-07-08 14:45:47,665 - Bela - INFO - 输入要求 is Ok!
2021-07-08 14:45:56,645 - Bela - INFO - 发布打包练习 is Ok!
2021-07-08 14:46:35,261 - Bela - INFO - LoginBtn is click!
2021-07-08 14:46:40,219 - Bela - INFO - 进入打包练习 is Ok!
2021-07-08 14:46:41,617 - Bela - INFO - 添加打包练习 is Ok!
2021-07-08 14:48:09,772 - Bela - INFO - LoginBtn is click!
2021-07-08 14:48:14,713 - Bela - INFO - 进入打包练习 is Ok!
2021-07-08 14:48:16,059 - Bela - INFO - 添加打包练习 is Ok!
2021-07-08 14:48:24,525 - Bela - INFO - 单句 is Ok!
2021-07-08 14:48:26,288 - Bela - INFO - 输入要求 is Ok!
2021-07-08 14:48:34,905 - Bela - INFO - 发布打包练习 is Ok!
2021-07-08 14:49:05,346 - Bela - INFO - LoginBtn is click!
2021-07-08 14:49:09,980 - Bela - INFO - 进入打包练习 is Ok!
2021-07-08 14:49:11,470 - Bela - INFO - 添加打包练习 is Ok!
2021-07-08 14:51:16,784 - Bela - INFO - LoginBtn is click!
2021-07-08 14:51:22,771 - Bela - INFO - 进入打包练习 is Ok!
2021-07-08 14:51:22,848 - Bela - INFO - 添加打包练习 is Ok!
2021-07-08 14:51:42,277 - Bela - INFO - 单句 is Ok!
2021-07-08 14:51:44,528 - Bela - INFO - 输入要求 is Ok!
2021-07-08 14:51:53,131 - Bela - INFO - 发布打包练习 is Ok!
2021-07-08 14:52:29,678 - Bela - INFO - LoginBtn is click!
2021-07-08 14:52:34,937 - Bela - INFO - 进入打包练习 is Ok!
2021-07-08 14:52:36,398 - Bela - INFO - 添加打包练习 is Ok!
2021-07-08 14:52:55,299 - Bela - INFO - 多句 is Ok!
2021-07-08 14:52:57,464 - Bela - INFO - 输入要求 is Ok!
2021-07-08 14:53:06,114 - Bela - INFO - 发布打包练习 is Ok!
2021-07-08 14:53:36,740 - Bela - INFO - LoginBtn is click!
2021-07-08 14:53:41,724 - Bela - INFO - 进入打包练习 is Ok!
2021-07-08 14:53:50,933 - Bela - INFO - 添加打包练习 is Ok!
2021-07-08 14:53:53,828 - Bela - INFO - 选择练习内容 is Ok!
2021-07-08 14:53:57,716 - Bela - INFO - 选择照片 is Ok!
2021-07-08 14:54:00,081 - Bela - INFO - 输入要求 is Ok!
2021-07-08 14:54:08,586 - Bela - INFO - 发布打包练习 is Ok!
2021-07-08 14:54:40,181 - Bela - INFO - LoginBtn is click!
2021-07-08 14:54:44,772 - Bela - INFO - 进入打包练习 is Ok!
2021-07-08 14:54:46,156 - Bela - INFO - 添加打包练习 is Ok!
2021-07-08 14:54:52,424 - Bela - INFO - 动画配音 is Ok!
2021-07-08 14:54:54,687 - Bela - INFO - 输入要求 is Ok!
2021-07-08 14:55:03,510 - Bela - INFO - 发布打包练习 is Ok!
2021-07-08 14:55:34,641 - Bela - INFO - LoginBtn is click!
2021-07-08 14:55:39,711 - Bela - INFO - 进入打包练习 is Ok!
2021-07-08 14:55:41,246 - Bela - INFO - 添加打包练习 is Ok!
2021-07-08 14:55:41,925 - Bela - INFO - 添加打包练习 is Ok!
2021-07-08 14:55:42,608 - Bela - INFO - 添加打包练习 is Ok!
2021-07-08 14:55:43,295 - Bela - INFO - 添加打包练习 is Ok!
2021-07-08 14:55:43,981 - Bela - INFO - 添加打包练习 is Ok!
2021-07-08 14:55:58,502 - Bela - INFO - 单句 is Ok!
2021-07-08 14:56:01,201 - Bela - INFO - 输入要求 is Ok!
2021-07-08 14:59:39,392 - Bela - INFO - LoginBtn is click!
2021-07-08 14:59:40,915 - Bela - INFO - 进入打包练习 is Ok!
2021-07-08 14:59:42,334 - Bela - INFO - 添加打包练习 is Ok!
2021-07-08 14:59:50,869 - Bela - INFO - 单句 is Ok!
2021-07-08 15:00:01,745 - Bela - INFO - 输入要求 is Ok!
2021-07-08 15:00:10,883 - Bela - INFO - 发布打包练习 is Ok!
2021-07-08 15:00:42,481 - Bela - INFO - LoginBtn is click!
2021-07-08 15:00:47,385 - Bela - INFO - 进入打包练习 is Ok!
2021-07-08 15:00:55,400 - Bela - INFO - 添加打包练习 is Ok!
2021-07-08 15:01:11,865 - Bela - INFO - 多句 is Ok!
2021-07-08 15:01:14,432 - Bela - INFO - 输入要求 is Ok!
2021-07-08 15:01:23,393 - Bela - INFO - 发布打包练习 is Ok!
2021-07-08 15:01:55,301 - Bela - INFO - LoginBtn is click!
2021-07-08 15:02:00,668 - Bela - INFO - 进入打包练习 is Ok!
2021-07-08 15:02:02,047 - Bela - INFO - 添加打包练习 is Ok!
2021-07-08 15:02:04,853 - Bela - INFO - 选择练习内容 is Ok!
2021-07-08 15:02:08,845 - Bela - INFO - 选择照片 is Ok!
2021-07-08 15:02:11,167 - Bela - INFO - 输入要求 is Ok!
2021-07-08 15:02:20,148 - Bela - INFO - 发布打包练习 is Ok!
2021-07-08 15:02:51,444 - Bela - INFO - LoginBtn is click!
2021-07-08 15:02:56,432 - Bela - INFO - 进入打包练习 is Ok!
2021-07-08 15:02:57,802 - Bela - INFO - 添加打包练习 is Ok!
2021-07-08 15:03:05,306 - Bela - INFO - 动画配音 is Ok!
2021-07-08 15:03:07,573 - Bela - INFO - 输入要求 is Ok!
2021-07-08 15:03:16,372 - Bela - INFO - 发布打包练习 is Ok!
2021-07-08 15:03:48,444 - Bela - INFO - LoginBtn is click!
2021-07-08 15:03:53,664 - Bela - INFO - 进入打包练习 is Ok!
2021-07-08 15:03:55,182 - Bela - INFO - 添加打包练习 is Ok!
2021-07-08 15:03:55,886 - Bela - INFO - 添加打包练习 is Ok!
2021-07-08 15:03:56,617 - Bela - INFO - 添加打包练习 is Ok!
2021-07-08 15:03:57,321 - Bela - INFO - 添加打包练习 is Ok!
2021-07-08 15:03:58,067 - Bela - INFO - 添加打包练习 is Ok!
2021-07-08 15:04:07,327 - Bela - INFO - 单句 is Ok!
2021-07-08 15:04:09,536 - Bela - INFO - 输入要求 is Ok!
2021-07-08 15:04:49,609 - Bela - INFO - 多句 is Ok!
2021-07-08 15:04:51,830 - Bela - INFO - 输入要求 is Ok!
2021-07-08 15:04:55,078 - Bela - INFO - 选择练习内容 is Ok!
2021-07-08 15:04:59,132 - Bela - INFO - 选择照片 is Ok!
2021-07-08 15:05:01,327 - Bela - INFO - 输入要求 is Ok!
2021-07-08 15:05:07,771 - Bela - INFO - 动画配音 is Ok!
2021-07-08 15:05:09,907 - Bela - INFO - 输入要求 is Ok!
2021-07-08 15:05:13,256 - Bela - INFO - 选择练习内容 is Ok!
2021-07-08 15:05:17,330 - Bela - INFO - 选择照片 is Ok!
2021-07-08 15:05:19,542 - Bela - INFO - 输入要求 is Ok!
2021-07-08 15:07:10,247 - Bela - INFO - LoginBtn is click!
2021-07-08 15:07:16,201 - Bela - INFO - 进入打包练习 is Ok!
2021-07-08 15:07:17,872 - Bela - INFO - 添加打包练习 is Ok!
2021-07-08 15:07:27,212 - Bela - INFO - 单句 is Ok!
2021-07-08 15:07:29,342 - Bela - INFO - 输入要求 is Ok!
2021-07-08 15:07:38,285 - Bela - INFO - 发布打包练习 is Ok!
2021-07-08 15:08:10,241 - Bela - INFO - LoginBtn is click!
2021-07-08 15:08:15,252 - Bela - INFO - 进入打包练习 is Ok!
2021-07-08 15:08:16,667 - Bela - INFO - 添加打包练习 is Ok!
2021-07-08 15:08:32,398 - Bela - INFO - 多句 is Ok!
2021-07-08 15:08:34,584 - Bela - INFO - 输入要求 is Ok!
2021-07-08 15:08:43,400 - Bela - INFO - 发布打包练习 is Ok!
2021-07-08 15:09:19,604 - Bela - INFO - LoginBtn is click!
2021-07-08 15:09:26,001 - Bela - INFO - 进入打包练习 is Ok!
2021-07-08 15:09:27,765 - Bela - INFO - 添加打包练习 is Ok!
2021-07-08 15:09:30,907 - Bela - INFO - 选择练习内容 is Ok!
2021-07-08 15:09:35,067 - Bela - INFO - 选择照片 is Ok!
2021-07-08 15:09:37,631 - Bela - INFO - 输入要求 is Ok!
2021-07-08 15:09:46,647 - Bela - INFO - 发布打包练习 is Ok!
2021-07-08 15:10:21,158 - Bela - INFO - LoginBtn is click!
2021-07-08 15:10:26,441 - Bela - INFO - 进入打包练习 is Ok!
2021-07-08 15:10:28,024 - Bela - INFO - 添加打包练习 is Ok!
2021-07-08 15:10:34,785 - Bela - INFO - 动画配音 is Ok!
2021-07-08 15:10:37,025 - Bela - INFO - 输入要求 is Ok!
2021-07-08 15:10:46,166 - Bela - INFO - 发布打包练习 is Ok!
2021-07-08 15:11:22,115 - Bela - INFO - LoginBtn is click!
2021-07-08 15:11:27,356 - Bela - INFO - 进入打包练习 is Ok!
2021-07-08 15:11:29,297 - Bela - INFO - 添加打包练习 is Ok!
2021-07-08 15:11:30,032 - Bela - INFO - 添加打包练习 is Ok!
2021-07-08 15:11:30,757 - Bela - INFO - 添加打包练习 is Ok!
2021-07-08 15:11:31,466 - Bela - INFO - 添加打包练习 is Ok!
2021-07-08 15:11:32,210 - Bela - INFO - 添加打包练习 is Ok!
2021-07-08 15:11:41,542 - Bela - INFO - 单句 is Ok!
2021-07-08 15:11:43,768 - Bela - INFO - 输入要求 is Ok!
2021-07-08 15:23:29,437 - Bela - INFO - LoginBtn is click!
2021-07-08 15:23:30,904 - Bela - INFO - 进入打包练习 is Ok!
2021-07-08 15:23:32,318 - Bela - INFO - 添加打包练习 is Ok!
2021-07-08 15:23:40,737 - Bela - INFO - 单句 is Ok!
2021-07-08 15:23:43,092 - Bela - INFO - 输入要求 is Ok!
2021-07-08 15:23:51,889 - Bela - INFO - 发布打包练习 is Ok!
2021-07-08 15:24:36,844 - Bela - INFO - LoginBtn is click!
2021-07-08 15:24:42,449 - Bela - INFO - 进入打包练习 is Ok!
2021-07-08 15:24:44,007 - Bela - INFO - 添加打包练习 is Ok!
2021-07-08 15:24:52,986 - Bela - INFO - 单句 is Ok!
2021-07-08 15:24:55,134 - Bela - INFO - 输入要求 is Ok!
2021-07-08 15:25:04,568 - Bela - INFO - 发布打包练习 is Ok!
2021-07-08 15:25:39,600 - Bela - INFO - LoginBtn is click!
2021-07-08 15:25:44,595 - Bela - INFO - 进入打包练习 is Ok!
2021-07-08 15:25:52,406 - Bela - INFO - 添加打包练习 is Ok!
2021-07-08 15:28:08,234 - Bela - INFO - LoginBtn is click!
2021-07-08 15:28:12,661 - Bela - INFO - 进入打包练习 is Ok!
2021-07-08 15:28:14,430 - Bela - INFO - 添加打包练习 is Ok!
2021-07-08 15:28:23,227 - Bela - INFO - 单句 is Ok!
2021-07-08 15:28:25,492 - Bela - INFO - 输入要求 is Ok!
2021-07-08 15:28:34,376 - Bela - INFO - 发布打包练习 is Ok!
2021-07-08 15:29:19,570 - Bela - INFO - LoginBtn is click!
2021-07-08 15:29:26,152 - Bela - INFO - 进入打包练习 is Ok!
2021-07-08 15:29:27,891 - Bela - INFO - 添加打包练习 is Ok!
2021-07-08 15:29:44,319 - Bela - INFO - 多句 is Ok!
2021-07-08 15:29:47,307 - Bela - INFO - 输入要求 is Ok!
2021-07-08 15:29:56,245 - Bela - INFO - 发布打包练习 is Ok!
2021-07-08 15:30:30,708 - Bela - INFO - LoginBtn is click!
2021-07-08 15:30:36,358 - Bela - INFO - 进入打包练习 is Ok!
2021-07-08 15:30:38,025 - Bela - INFO - 添加打包练习 is Ok!
2021-07-08 15:30:40,923 - Bela - INFO - 选择练习内容 is Ok!
2021-07-08 15:30:45,196 - Bela - INFO - 选择照片 is Ok!
2021-07-08 15:30:47,431 - Bela - INFO - 输入要求 is Ok!
2021-07-08 15:30:56,321 - Bela - INFO - 发布打包练习 is Ok!
2021-07-08 15:31:32,183 - Bela - INFO - LoginBtn is click!
2021-07-08 15:31:37,428 - Bela - INFO - 进入打包练习 is Ok!
2021-07-08 15:31:38,956 - Bela - INFO - 添加打包练习 is Ok!
2021-07-08 15:31:48,298 - Bela - INFO - 动画配音 is Ok!
2021-07-08 15:31:58,557 - Bela - INFO - 输入要求 is Ok!
2021-07-08 15:33:13,712 - Bela - INFO - LoginBtn is click!
2021-07-08 15:33:15,247 - Bela - INFO - 进入打包练习 is Ok!
2021-07-08 15:33:16,902 - Bela - INFO - 添加打包练习 is Ok!
2021-07-08 15:33:26,829 - Bela - INFO - 单句 is Ok!
2021-07-08 15:33:28,804 - Bela - INFO - 输入要求 is Ok!
2021-07-08 15:33:37,812 - Bela - INFO - 发布打包练习 is Ok!
2021-07-08 15:34:14,383 - Bela - INFO - LoginBtn is click!
2021-07-08 15:34:20,070 - Bela - INFO - 进入打包练习 is Ok!
2021-07-08 15:34:21,666 - Bela - INFO - 添加打包练习 is Ok!
2021-07-08 15:34:49,346 - Bela - INFO - 多句 is Ok!
2021-07-08 15:34:51,684 - Bela - INFO - 输入要求 is Ok!
2021-07-08 15:35:00,707 - Bela - INFO - 发布打包练习 is Ok!
2021-07-08 15:35:37,726 - Bela - INFO - LoginBtn is click!
2021-07-08 15:35:43,042 - Bela - INFO - 进入打包练习 is Ok!
2021-07-08 15:35:44,952 - Bela - INFO - 添加打包练习 is Ok!
2021-07-08 15:35:47,811 - Bela - INFO - 选择练习内容 is Ok!
2021-07-08 15:35:52,182 - Bela - INFO - 选择照片 is Ok!
2021-07-08 15:35:54,523 - Bela - INFO - 输入要求 is Ok!
2021-07-08 15:36:03,520 - Bela - INFO - 发布打包练习 is Ok!
2021-07-08 15:36:36,971 - Bela - INFO - LoginBtn is click!
2021-07-08 15:36:42,358 - Bela - INFO - 进入打包练习 is Ok!
2021-07-08 15:36:50,220 - Bela - INFO - 添加打包练习 is Ok!
2021-07-08 15:36:56,752 - Bela - INFO - 动画配音 is Ok!
2021-07-08 15:36:58,887 - Bela - INFO - 输入要求 is Ok!
2021-07-08 15:37:07,898 - Bela - INFO - 发布打包练习 is Ok!
2021-07-08 15:37:42,553 - Bela - INFO - LoginBtn is click!
2021-07-08 15:37:47,806 - Bela - INFO - 进入打包练习 is Ok!
2021-07-08 15:37:49,655 - Bela - INFO - 添加打包练习 is Ok!
2021-07-08 15:37:50,379 - Bela - INFO - 添加打包练习 is Ok!
2021-07-08 15:37:51,096 - Bela - INFO - 添加打包练习 is Ok!
2021-07-08 15:37:51,859 - Bela - INFO - 添加打包练习 is Ok!
2021-07-08 15:37:52,627 - Bela - INFO - 添加打包练习 is Ok!
2021-07-08 15:38:02,647 - Bela - INFO - 单句 is Ok!
2021-07-08 15:38:05,128 - Bela - INFO - 输入要求 is Ok!
2021-07-08 15:39:30,615 - Bela - INFO - LoginBtn is click!
2021-07-08 15:39:36,515 - Bela - INFO - 进入打包练习 is Ok!
2021-07-08 15:39:43,900 - Bela - INFO - 添加打包练习 is Ok!
2021-07-08 15:39:54,736 - Bela - INFO - 单句 is Ok!
2021-07-08 15:40:01,358 - Bela - INFO - 输入要求 is Ok!
2021-07-08 15:40:10,759 - Bela - INFO - 发布打包练习 is Ok!
2021-07-08 15:40:57,475 - Bela - INFO - LoginBtn is click!
2021-07-08 15:41:04,354 - Bela - INFO - 进入打包练习 is Ok!
2021-07-08 15:41:11,036 - Bela - INFO - 添加打包练习 is Ok!
2021-07-08 15:41:28,778 - Bela - INFO - 多句 is Ok!
2021-07-08 15:41:31,103 - Bela - INFO - 输入要求 is Ok!
2021-07-08 15:41:40,262 - Bela - INFO - 发布打包练习 is Ok!
2021-07-08 15:42:25,389 - Bela - INFO - LoginBtn is click!
2021-07-08 15:42:31,275 - Bela - INFO - 进入打包练习 is Ok!
2021-07-08 15:42:34,143 - Bela - INFO - 添加打包练习 is Ok!
2021-07-08 15:42:38,013 - Bela - INFO - 选择练习内容 is Ok!
2021-07-08 15:42:43,497 - Bela - INFO - 选择照片 is Ok!
2021-07-08 15:42:46,280 - Bela - INFO - 输入要求 is Ok!
2021-07-08 15:42:56,504 - Bela - INFO - 发布打包练习 is Ok!
2021-07-08 15:43:43,482 - Bela - INFO - LoginBtn is click!
2021-07-08 15:43:50,406 - Bela - INFO - 进入打包练习 is Ok!
2021-07-08 15:43:52,776 - Bela - INFO - 添加打包练习 is Ok!
2021-07-08 15:44:01,089 - Bela - INFO - 动画配音 is Ok!
2021-07-08 15:44:03,457 - Bela - INFO - 输入要求 is Ok!
2021-07-08 15:44:13,155 - Bela - INFO - 发布打包练习 is Ok!
2021-07-08 15:44:57,466 - Bela - INFO - LoginBtn is click!
2021-07-08 15:45:03,952 - Bela - INFO - 进入打包练习 is Ok!
2021-07-08 15:45:06,238 - Bela - INFO - 添加打包练习 is Ok!
2021-07-08 15:45:07,002 - Bela - INFO - 添加打包练习 is Ok!
2021-07-08 15:45:07,779 - Bela - INFO - 添加打包练习 is Ok!
2021-07-08 15:45:08,547 - Bela - INFO - 添加打包练习 is Ok!
2021-07-08 15:45:09,342 - Bela - INFO - 添加打包练习 is Ok!
2021-07-08 15:45:20,955 - Bela - INFO - 单句 is Ok!
2021-07-08 15:45:23,343 - Bela - INFO - 输入要求 is Ok!
2021-07-08 15:45:41,808 - Bela - INFO - 多句 is Ok!
2021-07-08 15:45:44,324 - Bela - INFO - 输入要求 is Ok!
2021-07-08 15:45:48,148 - Bela - INFO - 选择练习内容 is Ok!
2021-07-08 15:45:53,184 - Bela - INFO - 选择照片 is Ok!
2021-07-08 15:45:55,822 - Bela - INFO - 输入要求 is Ok!
2021-07-08 15:46:04,384 - Bela - INFO - 动画配音 is Ok!
2021-07-08 15:46:06,751 - Bela - INFO - 输入要求 is Ok!
2021-07-08 15:46:10,371 - Bela - INFO - 选择练习内容 is Ok!
2021-07-08 15:46:15,676 - Bela - INFO - 选择照片 is Ok!
2021-07-08 15:46:18,184 - Bela - INFO - 输入要求 is Ok!
2021-07-08 15:46:27,519 - Bela - INFO - 发布打包练习 is Ok!
2021-07-08 15:48:36,987 - Bela - INFO - LoginBtn is click!
2021-07-08 15:48:44,461 - Bela - INFO - 进入打包练习 is Ok!
2021-07-08 15:48:46,132 - Bela - INFO - 添加打包练习 is Ok!
2021-07-08 15:48:56,876 - Bela - INFO - 单句 is Ok!
2021-07-08 15:48:59,326 - Bela - INFO - 输入要求 is Ok!
2021-07-08 15:49:08,886 - Bela - INFO - 发布打包练习 is Ok!
2021-07-08 15:49:54,427 - Bela - INFO - LoginBtn is click!
2021-07-08 15:50:01,455 - Bela - INFO - 进入打包练习 is Ok!
2021-07-08 15:50:03,199 - Bela - INFO - 添加打包练习 is Ok!
2021-07-08 15:53:05,498 - Bela - INFO - LoginBtn is click!
2021-07-08 15:53:10,718 - Bela - INFO - 进入打包练习 is Ok!
2021-07-08 15:53:12,509 - Bela - INFO - 添加打包练习 is Ok!
2021-07-08 15:53:22,535 - Bela - INFO - 单句 is Ok!
2021-07-08 15:53:24,869 - Bela - INFO - 输入要求 is Ok!
2021-07-08 15:53:34,288 - Bela - INFO - 发布打包练习 is Ok!
2021-07-08 15:54:18,916 - Bela - INFO - LoginBtn is click!
2021-07-08 15:54:26,457 - Bela - INFO - 进入打包练习 is Ok!
2021-07-08 15:54:28,794 - Bela - INFO - 添加打包练习 is Ok!
2021-07-08 15:54:47,366 - Bela - INFO - 多句 is Ok!
2021-07-08 15:54:49,854 - Bela - INFO - 输入要求 is Ok!
2021-07-08 15:54:59,276 - Bela - INFO - 发布打包练习 is Ok!
2021-07-08 15:55:43,649 - Bela - INFO - LoginBtn is click!
2021-07-08 15:55:50,901 - Bela - INFO - 进入打包练习 is Ok!
2021-07-08 15:55:52,933 - Bela - INFO - 添加打包练习 is Ok!
2021-07-08 15:55:56,169 - Bela - INFO - 选择练习内容 is Ok!
2021-07-08 15:56:00,767 - Bela - INFO - 选择照片 is Ok!
2021-07-08 15:56:03,218 - Bela - INFO - 输入要求 is Ok!
2021-07-08 15:56:13,049 - Bela - INFO - 发布打包练习 is Ok!
2021-07-08 15:57:00,904 - Bela - INFO - LoginBtn is click!
2021-07-08 15:57:08,408 - Bela - INFO - 进入打包练习 is Ok!
2021-07-08 15:57:14,853 - Bela - INFO - 添加打包练习 is Ok!
2021-07-08 15:57:22,172 - Bela - INFO - 动画配音 is Ok!
2021-07-08 15:57:24,525 - Bela - INFO - 输入要求 is Ok!
2021-07-08 15:57:33,281 - Bela - INFO - 发布打包练习 is Ok!
2021-07-08 15:58:15,492 - Bela - INFO - LoginBtn is click!
2021-07-08 15:58:22,859 - Bela - INFO - 进入打包练习 is Ok!
2021-07-08 15:58:24,755 - Bela - INFO - 添加打包练习 is Ok!
2021-07-08 15:58:25,527 - Bela - INFO - 添加打包练习 is Ok!
2021-07-08 15:58:26,301 - Bela - INFO - 添加打包练习 is Ok!
2021-07-08 15:58:27,047 - Bela - INFO - 添加打包练习 is Ok!
2021-07-08 15:58:27,874 - Bela - INFO - 添加打包练习 is Ok!
2021-07-08 15:58:50,178 - Bela - INFO - 单句 is Ok!
2021-07-08 15:58:52,532 - Bela - INFO - 输入要求 is Ok!
2021-07-08 15:59:12,749 - Bela - INFO - 多句 is Ok!
2021-07-08 15:59:15,308 - Bela - INFO - 输入要求 is Ok!
2021-07-08 15:59:19,376 - Bela - INFO - 选择练习内容 is Ok!
2021-07-08 15:59:25,042 - Bela - INFO - 选择照片 is Ok!
2021-07-08 15:59:27,521 - Bela - INFO - 输入要求 is Ok!
2021-07-08 15:59:36,500 - Bela - INFO - 动画配音 is Ok!
2021-07-08 15:59:38,492 - Bela - INFO - 输入要求 is Ok!
2021-07-08 15:59:42,227 - Bela - INFO - 选择练习内容 is Ok!
2021-07-08 15:59:46,768 - Bela - INFO - 选择照片 is Ok!
2021-07-08 15:59:48,752 - Bela - INFO - 输入要求 is Ok!
2021-07-08 15:59:58,088 - Bela - INFO - 发布打包练习 is Ok!
2021-07-08 16:01:03,074 - Bela - INFO - LoginBtn is click!
2021-07-08 16:01:10,048 - Bela - INFO - 进入打包练习 is Ok!
2021-07-08 16:01:12,117 - Bela - INFO - 添加打包练习 is Ok!
2021-07-08 16:01:22,685 - Bela - INFO - 单句 is Ok!
2021-07-08 16:01:25,132 - Bela - INFO - 输入要求 is Ok!
2021-07-08 16:01:34,558 - Bela - INFO - 发布打包练习 is Ok!
2021-07-08 16:02:37,026 - Bela - INFO - LoginBtn is click!
2021-07-08 16:02:44,140 - Bela - INFO - 进入打包练习 is Ok!
2021-07-08 16:02:46,481 - Bela - INFO - 添加打包练习 is Ok!
2021-07-08 16:08:33,095 - Bela - INFO - LoginBtn is click!
2021-07-08 16:08:34,624 - Bela - INFO - 进入打包练习 is Ok!
2021-07-08 16:08:36,161 - Bela - INFO - 添加打包练习 is Ok!
2021-07-08 16:08:45,250 - Bela - INFO - 单句 is Ok!
2021-07-08 16:08:47,498 - Bela - INFO - 输入要求 is Ok!
2021-07-08 16:08:56,543 - Bela - INFO - 发布打包练习 is Ok!
2021-07-08 16:09:35,358 - Bela - INFO - LoginBtn is click!
2021-07-08 16:09:40,917 - Bela - INFO - 进入打包练习 is Ok!
2021-07-08 16:09:42,603 - Bela - INFO - 添加打包练习 is Ok!
2021-07-08 16:23:21,303 - Bela - INFO - LoginBtn is click!
2021-07-08 16:23:26,591 - Bela - INFO - 进入打包练习 is Ok!
2021-07-08 16:23:28,474 - Bela - INFO - 添加打包练习 is Ok!
2021-07-08 16:23:38,338 - Bela - INFO - 单句 is Ok!
2021-07-08 16:23:40,711 - Bela - INFO - 输入要求 is Ok!
2021-07-08 16:23:49,867 - Bela - INFO - 发布打包练习 is Ok!
2021-07-08 16:24:33,196 - Bela - INFO - LoginBtn is click!
2021-07-08 16:24:40,053 - Bela - INFO - 进入打包练习 is Ok!
2021-07-08 16:24:42,021 - Bela - INFO - 添加打包练习 is Ok!
2021-07-08 16:25:30,321 - Bela - INFO - 多句 is Ok!
2021-07-08 16:25:33,215 - Bela - INFO - 输入要求 is Ok!
2021-07-08 16:25:43,625 - Bela - INFO - 发布打包练习 is Ok!
2021-07-08 16:26:40,506 - Bela - INFO - LoginBtn is click!
2021-07-08 16:26:48,205 - Bela - INFO - 进入打包练习 is Ok!
2021-07-08 16:26:50,022 - Bela - INFO - 添加打包练习 is Ok!
2021-07-08 16:26:53,647 - Bela - INFO - 选择练习内容 is Ok!
2021-07-08 16:26:58,593 - Bela - INFO - 选择照片 is Ok!
2021-07-08 16:27:01,513 - Bela - INFO - 输入要求 is Ok!
2021-07-08 16:27:11,111 - Bela - INFO - 发布打包练习 is Ok!
2021-07-08 16:27:56,996 - Bela - INFO - LoginBtn is click!
2021-07-08 16:28:04,035 - Bela - INFO - 进入打包练习 is Ok!
2021-07-08 16:28:05,829 - Bela - INFO - 添加打包练习 is Ok!
2021-07-08 16:28:14,172 - Bela - INFO - 动画配音 is Ok!
2021-07-08 16:28:16,674 - Bela - INFO - 输入要求 is Ok!
2021-07-08 16:28:26,698 - Bela - INFO - 发布打包练习 is Ok!
2021-07-08 16:29:16,539 - Bela - INFO - LoginBtn is click!
2021-07-08 16:29:23,645 - Bela - INFO - 进入打包练习 is Ok!
2021-07-08 16:29:25,709 - Bela - INFO - 添加打包练习 is Ok!
2021-07-08 16:29:26,468 - Bela - INFO - 添加打包练习 is Ok!
2021-07-08 16:29:27,216 - Bela - INFO - 添加打包练习 is Ok!
2021-07-08 16:29:28,013 - Bela - INFO - 添加打包练习 is Ok!
2021-07-08 16:29:28,784 - Bela - INFO - 添加打包练习 is Ok!
2021-07-08 16:29:40,317 - Bela - INFO - 单句 is Ok!
2021-07-08 16:29:42,932 - Bela - INFO - 输入要求 is Ok!
2021-07-08 16:30:02,486 - Bela - INFO - 多句 is Ok!
2021-07-08 16:30:04,868 - Bela - INFO - 输入要求 is Ok!
2021-07-08 16:30:08,768 - Bela - INFO - 选择练习内容 is Ok!
2021-07-08 16:30:13,607 - Bela - INFO - 选择照片 is Ok!
2021-07-08 16:30:16,091 - Bela - INFO - 输入要求 is Ok!
2021-07-08 16:30:23,871 - Bela - INFO - 动画配音 is Ok!
2021-07-08 16:30:26,120 - Bela - INFO - 输入要求 is Ok!
2021-07-08 16:30:29,434 - Bela - INFO - 选择练习内容 is Ok!
2021-07-08 16:30:34,036 - Bela - INFO - 选择照片 is Ok!
2021-07-08 16:30:36,503 - Bela - INFO - 输入要求 is Ok!
2021-07-08 16:30:46,196 - Bela - INFO - 发布打包练习 is Ok!
2021-07-08 16:35:25,178 - Bela - INFO - LoginBtn is click!
2021-07-08 16:35:31,515 - Bela - INFO - 进入打包练习 is Ok!
2021-07-08 16:35:33,354 - Bela - INFO - 添加打包练习 is Ok!
2021-07-08 16:35:44,033 - Bela - INFO - 单句 is Ok!
2021-07-08 16:35:50,642 - Bela - INFO - 输入要求 is Ok!
2021-07-08 16:36:00,942 - Bela - INFO - 发布打包练习 is Ok!
2021-07-08 16:36:52,475 - Bela - INFO - LoginBtn is click!
2021-07-08 16:36:57,324 - Bela - INFO - 进入打包练习 is Ok!
2021-07-08 16:36:59,083 - Bela - INFO - 添加打包练习 is Ok!
2021-07-08 16:37:17,194 - Bela - INFO - 多句 is Ok!
2021-07-08 16:37:19,484 - Bela - INFO - 输入要求 is Ok!
2021-07-08 16:37:28,721 - Bela - INFO - 发布打包练习 is Ok!
2021-07-08 16:38:12,850 - Bela - INFO - LoginBtn is click!
2021-07-08 16:38:18,406 - Bela - INFO - 进入打包练习 is Ok!
2021-07-08 16:38:26,172 - Bela - INFO - 添加打包练习 is Ok!
2021-07-08 16:38:29,323 - Bela - INFO - 选择练习内容 is Ok!
2021-07-08 16:38:33,638 - Bela - INFO - 选择照片 is Ok!
2021-07-08 16:38:36,384 - Bela - INFO - 输入要求 is Ok!
2021-07-08 16:40:30,964 - Bela - INFO - LoginBtn is click!
2021-07-08 16:40:36,242 - Bela - INFO - 进入打包练习 is Ok!
2021-07-08 16:40:44,337 - Bela - INFO - 添加打包练习 is Ok!
2021-07-08 16:40:54,920 - Bela - INFO - 单句 is Ok!
2021-07-08 16:40:57,621 - Bela - INFO - 输入要求 is Ok!
2021-07-08 16:41:07,208 - Bela - INFO - 发布打包练习 is Ok!
2021-07-08 16:41:51,769 - Bela - INFO - LoginBtn is click!
2021-07-08 16:41:57,405 - Bela - INFO - 进入打包练习 is Ok!
2021-07-08 16:41:59,101 - Bela - INFO - 添加打包练习 is Ok!
2021-07-08 16:42:16,757 - Bela - INFO - 多句 is Ok!
2021-07-08 16:42:19,071 - Bela - INFO - 输入要求 is Ok!
2021-07-08 16:42:28,171 - Bela - INFO - 发布打包练习 is Ok!
2021-07-08 16:43:09,606 - Bela - INFO - LoginBtn is click!
2021-07-08 16:43:15,703 - Bela - INFO - 进入打包练习 is Ok!
2021-07-08 16:45:05,409 - Bela - INFO - LoginBtn is click!
2021-07-08 16:45:10,576 - Bela - INFO - 进入打包练习 is Ok!
2021-07-08 16:45:19,591 - Bela - INFO - 添加打包练习 is Ok!
2021-07-08 16:45:29,318 - Bela - INFO - 单句 is Ok!
2021-07-08 16:45:31,671 - Bela - INFO - 输入要求 is Ok!
2021-07-08 16:45:41,171 - Bela - INFO - 发布打包练习 is Ok!
2021-07-08 16:46:21,369 - Bela - INFO - LoginBtn is click!
2021-07-08 16:46:27,917 - Bela - INFO - 进入打包练习 is Ok!
2021-07-08 16:46:35,312 - Bela - INFO - 添加打包练习 is Ok!
2021-07-08 16:46:53,587 - Bela - INFO - 多句 is Ok!
2021-07-08 16:46:56,059 - Bela - INFO - 输入要求 is Ok!
2021-07-08 16:47:05,246 - Bela - INFO - 发布打包练习 is Ok!
2021-07-08 16:47:44,729 - Bela - INFO - LoginBtn is click!
2021-07-08 16:47:50,950 - Bela - INFO - 进入打包练习 is Ok!
2021-07-08 16:47:52,635 - Bela - INFO - 添加打包练习 is Ok!
2021-07-08 16:47:55,822 - Bela - INFO - 选择练习内容 is Ok!
2021-07-08 16:48:00,812 - Bela - INFO - 选择照片 is Ok!
2021-07-08 16:48:03,387 - Bela - INFO - 输入要求 is Ok!
2021-07-08 16:48:12,346 - Bela - INFO - 发布打包练习 is Ok!
2021-07-08 16:48:52,600 - Bela - INFO - LoginBtn is click!
2021-07-08 16:48:58,941 - Bela - INFO - 进入打包练习 is Ok!
2021-07-08 16:49:00,768 - Bela - INFO - 添加打包练习 is Ok!
2021-07-08 16:49:07,772 - Bela - INFO - 动画配音 is Ok!
2021-07-08 16:49:10,012 - Bela - INFO - 输入要求 is Ok!
2021-07-08 16:49:19,372 - Bela - INFO - 发布打包练习 is Ok!
2021-07-08 16:49:59,140 - Bela - INFO - LoginBtn is click!
2021-07-08 16:50:04,804 - Bela - INFO - 进入打包练习 is Ok!
2021-07-08 16:50:06,508 - Bela - INFO - 添加打包练习 is Ok!
2021-07-08 16:50:07,239 - Bela - INFO - 添加打包练习 is Ok!
2021-07-08 16:50:07,954 - Bela - INFO - 添加打包练习 is Ok!
2021-07-08 16:50:08,701 - Bela - INFO - 添加打包练习 is Ok!
2021-07-08 16:50:09,441 - Bela - INFO - 添加打包练习 is Ok!
2021-07-08 16:50:19,532 - Bela - INFO - 单句 is Ok!
2021-07-08 16:50:30,384 - Bela - INFO - 输入要求 is Ok!
2021-07-08 16:50:47,432 - Bela - INFO - 多句 is Ok!
2021-07-08 16:50:49,783 - Bela - INFO - 输入要求 is Ok!
2021-07-08 16:50:53,367 - Bela - INFO - 选择练习内容 is Ok!
2021-07-08 16:50:57,922 - Bela - INFO - 选择照片 is Ok!
2021-07-08 16:51:00,683 - Bela - INFO - 输入要求 is Ok!
2021-07-08 16:51:08,111 - Bela - INFO - 动画配音 is Ok!
2021-07-08 16:51:10,369 - Bela - INFO - 输入要求 is Ok!
2021-07-08 16:51:14,009 - Bela - INFO - 选择练习内容 is Ok!
2021-07-08 16:51:18,517 - Bela - INFO - 选择照片 is Ok!
2021-07-08 16:51:20,948 - Bela - INFO - 输入要求 is Ok!
2021-07-08 16:51:30,491 - Bela - INFO - 发布打包练习 is Ok!
2021-07-08 16:53:27,237 - Bela - INFO - LoginBtn is click!
2021-07-08 16:53:28,874 - Bela - INFO - 进入打包练习 is Ok!
2021-07-08 16:53:31,092 - Bela - INFO - 添加打包练习 is Ok!
2021-07-08 16:53:42,058 - Bela - INFO - 单句 is Ok!
2021-07-08 16:53:44,362 - Bela - INFO - 输入要求 is Ok!
2021-07-08 16:53:54,138 - Bela - INFO - 发布打包练习 is Ok!
2021-07-08 16:54:44,125 - Bela - INFO - LoginBtn is click!
2021-07-08 16:54:52,323 - Bela - INFO - 进入打包练习 is Ok!
2021-07-08 16:54:58,272 - Bela - INFO - 添加打包练习 is Ok!
2021-07-08 16:55:17,470 - Bela - INFO - 多句 is Ok!
2021-07-08 16:55:20,184 - Bela - INFO - 输入要求 is Ok!
2021-07-08 16:55:29,907 - Bela - INFO - 发布打包练习 is Ok!
2021-07-08 16:56:22,715 - Bela - INFO - LoginBtn is click!
2021-07-08 16:56:29,169 - Bela - INFO - 进入打包练习 is Ok!
2021-07-08 16:56:31,100 - Bela - INFO - 添加打包练习 is Ok!
2021-07-08 16:56:34,141 - Bela - INFO - 选择练习内容 is Ok!
2021-07-08 16:56:38,991 - Bela - INFO - 选择照片 is Ok!
2021-07-08 16:56:41,470 - Bela - INFO - 输入要求 is Ok!
2021-07-08 16:56:50,838 - Bela - INFO - 发布打包练习 is Ok!
2021-07-08 16:57:34,333 - Bela - INFO - LoginBtn is click!
2021-07-08 16:57:40,562 - Bela - INFO - 进入打包练习 is Ok!
2021-07-08 16:57:47,905 - Bela - INFO - 添加打包练习 is Ok!
2021-07-08 16:58:05,652 - Bela - INFO - 动画配音 is Ok!
2021-07-08 16:58:07,950 - Bela - INFO - 输入要求 is Ok!
2021-07-08 16:58:16,985 - Bela - INFO - 发布打包练习 is Ok!
2021-07-08 16:58:53,563 - Bela - INFO - LoginBtn is click!
2021-07-08 16:59:00,140 - Bela - INFO - 进入打包练习 is Ok!
2021-07-08 16:59:07,073 - Bela - INFO - 添加打包练习 is Ok!
2021-07-08 16:59:07,806 - Bela - INFO - 添加打包练习 is Ok!
2021-07-08 16:59:08,585 - Bela - INFO - 添加打包练习 is Ok!
2021-07-08 16:59:09,325 - Bela - INFO - 添加打包练习 is Ok!
2021-07-08 16:59:10,046 - Bela - INFO - 添加打包练习 is Ok!
2021-07-08 16:59:19,324 - Bela - INFO - 单句 is Ok!
2021-07-08 16:59:21,561 - Bela - INFO - 输入要求 is Ok!
2021-07-08 16:59:38,673 - Bela - INFO - 多句 is Ok!
2021-07-08 16:59:41,013 - Bela - INFO - 输入要求 is Ok!
2021-07-08 16:59:44,371 - Bela - INFO - 选择练习内容 is Ok!
2021-07-08 16:59:48,834 - Bela - INFO - 选择照片 is Ok!
2021-07-08 16:59:51,435 - Bela - INFO - 输入要求 is Ok!
2021-07-08 16:59:58,452 - Bela - INFO - 动画配音 is Ok!
2021-07-08 17:00:01,203 - Bela - INFO - 输入要求 is Ok!
2021-07-08 17:00:04,858 - Bela - INFO - 选择练习内容 is Ok!
2021-07-08 17:00:09,091 - Bela - INFO - 选择照片 is Ok!
2021-07-08 17:00:11,506 - Bela - INFO - 输入要求 is Ok!
2021-07-08 17:00:20,682 - Bela - INFO - 发布打包练习 is Ok!
2021-07-08 17:08:36,526 - Bela - INFO - LoginBtn is click!
2021-07-08 17:08:41,556 - Bela - INFO - 进入打包练习 is Ok!
2021-07-08 17:08:43,226 - Bela - INFO - 添加打包练习 is Ok!
2021-07-08 17:08:53,069 - Bela - INFO - 单句 is Ok!
2021-07-08 17:08:55,338 - Bela - INFO - 输入要求 is Ok!
2021-07-08 17:09:04,900 - Bela - INFO - 发布打包练习 is Ok!
2021-07-08 17:09:46,221 - Bela - INFO - LoginBtn is click!
2021-07-08 17:09:52,163 - Bela - INFO - 进入打包练习 is Ok!
2021-07-08 17:09:53,854 - Bela - INFO - 添加打包练习 is Ok!
2021-07-08 17:10:11,532 - Bela - INFO - 多句 is Ok!
2021-07-08 17:10:13,850 - Bela - INFO - 输入要求 is Ok!
2021-07-08 17:10:23,154 - Bela - INFO - 发布打包练习 is Ok!
2021-07-08 17:11:02,338 - Bela - INFO - LoginBtn is click!
2021-07-08 17:11:09,505 - Bela - INFO - 进入打包练习 is Ok!
2021-07-08 17:11:11,465 - Bela - INFO - 添加打包练习 is Ok!
2021-07-08 17:11:14,810 - Bela - INFO - 选择练习内容 is Ok!
2021-07-08 17:11:19,420 - Bela - INFO - 选择照片 is Ok!
2021-07-08 17:11:21,751 - Bela - INFO - 输入要求 is Ok!
2021-07-08 17:11:31,072 - Bela - INFO - 发布打包练习 is Ok!
2021-07-08 17:12:10,857 - Bela - INFO - LoginBtn is click!
2021-07-08 17:12:16,255 - Bela - INFO - 进入打包练习 is Ok!
2021-07-08 17:12:17,939 - Bela - INFO - 添加打包练习 is Ok!
2021-07-08 17:12:24,976 - Bela - INFO - 动画配音 is Ok!
2021-07-08 17:12:27,542 - Bela - INFO - 输入要求 is Ok!
2021-07-08 17:12:36,742 - Bela - INFO - 发布打包练习 is Ok!
2021-07-08 17:13:12,210 - Bela - INFO - LoginBtn is click!
2021-07-08 17:13:17,839 - Bela - INFO - 进入打包练习 is Ok!
2021-07-08 17:13:19,531 - Bela - INFO - 添加打包练习 is Ok!
2021-07-08 17:13:20,258 - Bela - INFO - 添加打包练习 is Ok!
2021-07-08 17:13:20,964 - Bela - INFO - 添加打包练习 is Ok!
2021-07-08 17:13:21,684 - Bela - INFO - 添加打包练习 is Ok!
2021-07-08 17:13:22,432 - Bela - INFO - 添加打包练习 is Ok!
2021-07-08 17:13:31,901 - Bela - INFO - 单句 is Ok!
2021-07-08 17:13:34,183 - Bela - INFO - 输入要求 is Ok!
2021-07-08 17:13:50,948 - Bela - INFO - 多句 is Ok!
2021-07-08 17:13:53,260 - Bela - INFO - 输入要求 is Ok!
2021-07-08 17:13:56,884 - Bela - INFO - 选择练习内容 is Ok!
2021-07-08 17:14:01,521 - Bela - INFO - 选择照片 is Ok!
2021-07-08 17:14:03,883 - Bela - INFO - 输入要求 is Ok!
2021-07-08 17:14:11,187 - Bela - INFO - 动画配音 is Ok!
2021-07-08 17:14:13,497 - Bela - INFO - 输入要求 is Ok!
2021-07-08 17:14:17,342 - Bela - INFO - 选择练习内容 is Ok!
2021-07-08 17:14:21,982 - Bela - INFO - 选择照片 is Ok!
2021-07-08 17:14:24,315 - Bela - INFO - 输入要求 is Ok!
2021-07-08 17:14:33,805 - Bela - INFO - 发布打包练习 is Ok!
2021-07-08 17:29:15,939 - Bela - INFO - LoginBtn is click!
2021-07-08 17:29:19,233 - Bela - INFO - 任务打卡 is Ok!
2021-07-08 17:29:25,106 - Bela - INFO - 课件跟读任务打卡 is Ok!
2021-07-08 17:29:50,121 - Bela - INFO - 输入要求 is Ok!
2021-07-08 17:31:19,341 - Bela - INFO - LoginBtn is click!
2021-07-08 17:31:27,070 - Bela - INFO - 任务打卡 is Ok!
2021-07-08 17:31:33,524 - Bela - INFO - 课件跟读任务打卡 is Ok!
2021-07-08 17:31:56,947 - Bela - INFO - 输入要求 is Ok!
2021-07-08 17:33:23,560 - Bela - INFO - LoginBtn is click!
2021-07-08 17:33:31,242 - Bela - INFO - 任务打卡 is Ok!
2021-07-08 17:33:37,193 - Bela - INFO - 课件跟读任务打卡 is Ok!
2021-07-08 17:34:06,743 - Bela - INFO - 输入要求 is Ok!
2021-07-08 17:37:39,035 - Bela - INFO - LoginBtn is click!
2021-07-08 17:37:46,229 - Bela - INFO - 任务打卡 is Ok!
2021-07-08 17:37:52,882 - Bela - INFO - 课件跟读任务打卡 is Ok!
2021-07-08 17:38:11,509 - Bela - INFO - 输入要求 is Ok!
2021-07-08 17:39:36,368 - Bela - INFO - LoginBtn is click!
2021-07-08 17:39:43,193 - Bela - INFO - 任务打卡 is Ok!
2021-07-08 17:39:48,981 - Bela - INFO - 课件跟读任务打卡 is Ok!
2021-07-08 17:40:04,173 - Bela - INFO - 输入要求 is Ok!
2021-07-08 17:42:57,127 - Bela - INFO - LoginBtn is click!
2021-07-08 17:43:04,750 - Bela - INFO - 任务打卡 is Ok!
2021-07-08 17:43:10,717 - Bela - INFO - 课件跟读任务打卡 is Ok!
2021-07-08 17:43:26,058 - Bela - INFO - 输入要求 is Ok!
2021-07-08 17:44:08,872 - Bela - INFO - LoginBtn is click!
2021-07-08 17:44:16,903 - Bela - INFO - 任务打卡 is Ok!
2021-07-08 17:46:47,897 - Bela - INFO - LoginBtn is click!
2021-07-08 17:48:05,225 - Bela - INFO - LoginBtn is click!
2021-07-08 17:48:14,946 - Bela - INFO - 任务打卡 is Ok!
2021-07-08 17:54:14,353 - Bela - INFO - LoginBtn is click!
2021-07-08 17:54:22,362 - Bela - INFO - 任务打卡 is Ok!
2021-07-08 18:05:46,389 - Bela - INFO - LoginBtn is click!
2021-07-08 18:05:54,137 - Bela - INFO - 任务打卡 is Ok!
2021-07-08 18:09:42,531 - Bela - INFO - LoginBtn is click!
2021-07-08 18:09:49,440 - Bela - INFO - 任务打卡 is Ok!
2021-07-08 18:09:55,428 - Bela - INFO - 绘本跟读任务打卡 is Ok!
2021-07-08 18:10:10,423 - Bela - INFO - 输入要求 is Ok!
