2021-04-23 11:45:45,044 - Bela - INFO - MobileText is sendValues!
2021-04-23 11:45:45,044 - Bela - INFO - MobileText is sendValues!
2021-04-23 11:45:46,128 - Bela - INFO - VerifyCodeText is sendValues!
2021-04-23 11:45:46,128 - Bela - INFO - VerifyCodeText is sendValues!
2021-04-23 11:45:49,660 - Bela - INFO - LoginBtn is click!
2021-04-23 11:45:49,660 - Bela - INFO - LoginBtn is click!
2021-04-23 11:49:26,297 - Bela - INFO - MobileText is sendValues!
2021-04-23 11:49:26,297 - Bela - INFO - MobileText is sendValues!
2021-04-23 11:49:27,353 - Bela - INFO - VerifyCodeText is sendValues!
2021-04-23 11:49:27,353 - Bela - INFO - VerifyCodeText is sendValues!
2021-04-23 11:49:31,012 - Bela - INFO - LoginBtn is click!
2021-04-23 11:49:31,012 - Bela - INFO - LoginBtn is click!
2021-04-23 11:57:45,278 - Bela - INFO - MobileText is sendValues!
2021-04-23 11:57:45,278 - Bela - INFO - MobileText is sendValues!
2021-04-23 11:57:46,349 - Bela - INFO - VerifyCodeText is sendValues!
2021-04-23 11:57:46,349 - Bela - INFO - VerifyCodeText is sendValues!
2021-04-23 11:57:49,913 - Bela - INFO - LoginBtn is click!
2021-04-23 11:57:49,913 - Bela - INFO - LoginBtn is click!
2021-04-23 13:26:12,926 - Bela - INFO - 进入打包作业 is Ok!
2021-04-23 13:26:16,844 - Bela - INFO - 选择作业内容 is Ok!
2021-04-23 13:30:46,734 - Bela - INFO - MobileText is sendValues!
2021-04-23 13:30:46,734 - Bela - INFO - MobileText is sendValues!
2021-04-23 13:30:47,807 - Bela - INFO - VerifyCodeText is sendValues!
2021-04-23 13:30:47,807 - Bela - INFO - VerifyCodeText is sendValues!
2021-04-23 13:30:48,371 - Bela - INFO - LoginBtn is click!
2021-04-23 13:30:48,371 - Bela - INFO - LoginBtn is click!
2021-04-23 13:35:13,700 - Bela - INFO - 进入打包作业 is Ok!
2021-04-23 13:35:13,700 - Bela - INFO - 进入打包作业 is Ok!
2021-04-23 13:35:16,503 - Bela - INFO - 选择作业内容 is Ok!
2021-04-23 13:35:16,503 - Bela - INFO - 选择作业内容 is Ok!
2021-04-23 14:01:47,413 - Bela - INFO - MobileText is sendValues!
2021-04-23 14:01:47,413 - Bela - INFO - MobileText is sendValues!
2021-04-23 14:01:48,494 - Bela - INFO - VerifyCodeText is sendValues!
2021-04-23 14:01:48,494 - Bela - INFO - VerifyCodeText is sendValues!
2021-04-23 14:01:52,079 - Bela - INFO - LoginBtn is click!
2021-04-23 14:01:52,079 - Bela - INFO - LoginBtn is click!
2021-04-23 14:06:05,013 - Bela - INFO - MobileText is sendValues!
2021-04-23 14:06:05,013 - Bela - INFO - MobileText is sendValues!
2021-04-23 14:06:06,087 - Bela - INFO - VerifyCodeText is sendValues!
2021-04-23 14:06:06,087 - Bela - INFO - VerifyCodeText is sendValues!
2021-04-23 14:06:09,765 - Bela - INFO - LoginBtn is click!
2021-04-23 14:06:09,765 - Bela - INFO - LoginBtn is click!
2021-04-23 14:08:15,512 - Bela - INFO - MobileText is sendValues!
2021-04-23 14:08:16,604 - Bela - INFO - VerifyCodeText is sendValues!
2021-04-23 14:08:17,167 - Bela - INFO - LoginBtn is click!
2021-04-23 14:10:42,497 - Bela - INFO - MobileText is sendValues!
2021-04-23 14:10:43,587 - Bela - INFO - VerifyCodeText is sendValues!
2021-04-23 14:10:44,145 - Bela - INFO - LoginBtn is click!
2021-04-23 14:10:59,620 - Bela - INFO - 进入打包作业 is Ok!
2021-04-23 14:11:02,563 - Bela - INFO - 选择作业内容 is Ok!
2021-04-23 14:11:07,144 - Bela - INFO - 单句 is Ok!
2021-04-23 14:15:22,815 - Bela - INFO - MobileText is sendValues!
2021-04-23 14:15:23,890 - Bela - INFO - VerifyCodeText is sendValues!
2021-04-23 14:15:24,445 - Bela - INFO - LoginBtn is click!
2021-04-23 14:15:38,901 - Bela - INFO - 进入打包作业 is Ok!
2021-04-23 14:15:41,673 - Bela - INFO - 选择作业内容 is Ok!
2021-04-23 14:15:46,034 - Bela - INFO - 单句 is Ok!
2021-04-23 14:15:48,062 - Bela - INFO - 输入要求 is Ok!
2021-04-23 14:15:53,366 - Bela - INFO - 发布打包作业 is Ok!
2021-04-23 14:19:48,732 - Bela - INFO - MobileText is sendValues!
2021-04-23 14:19:49,794 - Bela - INFO - VerifyCodeText is sendValues!
2021-04-23 14:19:50,355 - Bela - INFO - LoginBtn is click!
2021-04-23 14:20:06,310 - Bela - INFO - 进入打包作业 is Ok!
2021-04-23 14:20:09,210 - Bela - INFO - 选择作业内容 is Ok!
2021-04-23 14:20:13,785 - Bela - INFO - 单句 is Ok!
2021-04-23 14:20:15,833 - Bela - INFO - 输入要求 is Ok!
2021-04-23 14:20:21,849 - Bela - INFO - 发布打包作业 is Ok!
2021-04-23 14:22:57,096 - Bela - INFO - MobileText is sendValues!
2021-04-23 14:22:58,180 - Bela - INFO - VerifyCodeText is sendValues!
2021-04-23 14:22:58,744 - Bela - INFO - LoginBtn is click!
2021-04-23 14:23:12,919 - Bela - INFO - 进入打包作业 is Ok!
2021-04-23 14:23:15,792 - Bela - INFO - 选择作业内容 is Ok!
2021-04-23 14:23:20,196 - Bela - INFO - 单句 is Ok!
2021-04-23 14:23:22,229 - Bela - INFO - 输入要求 is Ok!
2021-04-23 14:23:27,891 - Bela - INFO - 发布打包作业 is Ok!
2021-04-23 14:29:18,949 - Bela - INFO - MobileText is sendValues!
2021-04-23 14:29:20,027 - Bela - INFO - VerifyCodeText is sendValues!
2021-04-23 14:29:20,600 - Bela - INFO - LoginBtn is click!
2021-04-23 14:29:36,185 - Bela - INFO - 进入打包作业 is Ok!
2021-04-23 14:29:38,841 - Bela - INFO - 选择作业内容 is Ok!
2021-04-23 14:29:43,205 - Bela - INFO - 单句 is Ok!
2021-04-23 14:29:45,250 - Bela - INFO - 输入要求 is Ok!
2021-04-23 14:29:51,169 - Bela - INFO - 发布打包作业 is Ok!
2021-04-23 14:30:34,830 - Bela - INFO - MobileText is sendValues!
2021-04-23 14:30:35,913 - Bela - INFO - VerifyCodeText is sendValues!
2021-04-23 14:30:36,477 - Bela - INFO - LoginBtn is click!
2021-04-23 14:30:52,387 - Bela - INFO - 进入打包作业 is Ok!
2021-04-23 14:32:35,865 - Bela - INFO - MobileText is sendValues!
2021-04-23 14:32:36,940 - Bela - INFO - VerifyCodeText is sendValues!
2021-04-23 14:32:37,515 - Bela - INFO - LoginBtn is click!
2021-04-23 14:32:52,862 - Bela - INFO - 进入打包作业 is Ok!
2021-04-23 14:32:55,632 - Bela - INFO - 选择作业内容 is Ok!
2021-04-23 14:33:00,515 - Bela - INFO - 单句 is Ok!
2021-04-23 14:33:02,580 - Bela - INFO - 输入要求 is Ok!
2021-04-23 14:33:08,522 - Bela - INFO - 发布打包作业 is Ok!
2021-04-23 14:50:45,030 - Bela - INFO - MobileText is sendValues!
2021-04-23 14:50:46,103 - Bela - INFO - VerifyCodeText is sendValues!
2021-04-23 14:50:46,666 - Bela - INFO - LoginBtn is click!
2021-04-23 14:51:04,990 - Bela - INFO - 进入打包作业 is Ok!
2021-04-23 14:51:07,730 - Bela - INFO - 选择作业内容 is Ok!
2021-04-23 14:51:12,146 - Bela - INFO - 单句 is Ok!
2021-04-23 14:51:14,219 - Bela - INFO - 输入要求 is Ok!
2021-04-23 14:51:20,461 - Bela - INFO - 发布打包作业 is Ok!
2021-04-23 14:59:12,987 - Bela - INFO - MobileText is sendValues!
2021-04-23 14:59:14,064 - Bela - INFO - VerifyCodeText is sendValues!
2021-04-23 14:59:14,641 - Bela - INFO - LoginBtn is click!
2021-04-23 14:59:30,386 - Bela - INFO - 进入打包作业 is Ok!
2021-04-23 14:59:33,024 - Bela - INFO - 选择作业内容 is Ok!
2021-04-23 14:59:37,509 - Bela - INFO - 单句 is Ok!
2021-04-23 14:59:39,583 - Bela - INFO - 输入要求 is Ok!
2021-04-23 14:59:45,749 - Bela - INFO - 发布打包作业 is Ok!
2021-04-23 15:02:38,627 - Bela - INFO - MobileText is sendValues!
2021-04-23 15:02:39,708 - Bela - INFO - VerifyCodeText is sendValues!
2021-04-23 15:02:40,266 - Bela - INFO - LoginBtn is click!
2021-04-23 15:02:56,275 - Bela - INFO - 进入打包作业 is Ok!
2021-04-23 15:02:59,568 - Bela - INFO - 选择作业内容 is Ok!
2021-04-23 15:03:03,932 - Bela - INFO - 单句 is Ok!
2021-04-23 15:03:06,161 - Bela - INFO - 输入要求 is Ok!
2021-04-23 15:03:12,082 - Bela - INFO - 发布打包作业 is Ok!
2021-04-23 15:11:12,778 - Bela - INFO - MobileText is sendValues!
2021-04-23 15:11:13,842 - Bela - INFO - VerifyCodeText is sendValues!
2021-04-23 15:11:14,408 - Bela - INFO - LoginBtn is click!
2021-04-23 15:11:28,980 - Bela - INFO - 进入打包作业 is Ok!
2021-04-23 15:11:40,179 - Bela - INFO - 选择作业内容 is Ok!
2021-04-23 15:11:44,529 - Bela - INFO - 单句 is Ok!
2021-04-23 15:11:46,551 - Bela - INFO - 输入要求 is Ok!
2021-04-23 15:11:52,631 - Bela - INFO - 发布打包作业 is Ok!
2021-04-23 15:25:09,120 - Bela - INFO - MobileText is sendValues!
2021-04-23 15:25:10,201 - Bela - INFO - VerifyCodeText is sendValues!
2021-04-23 15:25:10,784 - Bela - INFO - LoginBtn is click!
2021-04-23 15:25:26,921 - Bela - INFO - 进入打包作业 is Ok!
2021-04-23 15:25:29,810 - Bela - INFO - 选择作业内容 is Ok!
2021-04-23 15:33:10,218 - Bela - INFO - MobileText is sendValues!
2021-04-23 15:33:11,319 - Bela - INFO - VerifyCodeText is sendValues!
2021-04-23 15:33:11,907 - Bela - INFO - LoginBtn is click!
2021-04-23 15:33:17,697 - Bela - INFO - 进入打包作业 is Ok!
2021-04-23 15:33:20,630 - Bela - INFO - 选择作业内容 is Ok!
2021-04-23 16:07:08,723 - Bela - INFO - MobileText is sendValues!
2021-04-23 16:07:09,799 - Bela - INFO - VerifyCodeText is sendValues!
2021-04-23 16:07:10,365 - Bela - INFO - LoginBtn is click!
2021-04-23 16:07:15,839 - Bela - INFO - 进入打包作业 is Ok!
2021-04-23 16:07:19,197 - Bela - INFO - 选择作业内容 is Ok!
2021-04-23 16:07:46,241 - Bela - INFO - 多句 is Ok!
2021-04-23 16:07:48,353 - Bela - INFO - 输入要求 is Ok!
2021-04-23 16:07:54,654 - Bela - INFO - 发布打包作业 is Ok!
2021-04-23 16:08:24,683 - Bela - INFO - MobileText is sendValues!
2021-04-23 16:08:25,776 - Bela - INFO - VerifyCodeText is sendValues!
2021-04-23 16:08:26,505 - Bela - INFO - LoginBtn is click!
2021-04-23 16:08:31,996 - Bela - INFO - 进入打包作业 is Ok!
2021-04-23 16:08:35,013 - Bela - INFO - 选择作业内容 is Ok!
2021-04-23 16:11:15,087 - Bela - INFO - MobileText is sendValues!
2021-04-23 16:11:16,185 - Bela - INFO - VerifyCodeText is sendValues!
2021-04-23 16:11:20,231 - Bela - INFO - LoginBtn is click!
2021-04-23 16:11:22,468 - Bela - INFO - 进入打包作业 is Ok!
2021-04-23 16:11:25,284 - Bela - INFO - 选择作业内容 is Ok!
2021-04-23 16:12:05,262 - Bela - INFO - 多句 is Ok!
2021-04-23 16:12:07,533 - Bela - INFO - 输入要求 is Ok!
2021-04-23 16:12:14,379 - Bela - INFO - 发布打包作业 is Ok!
2021-04-23 16:12:51,769 - Bela - INFO - MobileText is sendValues!
2021-04-23 16:12:52,867 - Bela - INFO - VerifyCodeText is sendValues!
2021-04-23 16:12:53,438 - Bela - INFO - LoginBtn is click!
2021-04-23 16:12:59,595 - Bela - INFO - 进入打包作业 is Ok!
2021-04-23 16:13:02,572 - Bela - INFO - 选择作业内容 is Ok!
2021-04-23 16:13:07,979 - Bela - INFO - 选择照片 is Ok!
2021-04-23 16:13:10,185 - Bela - INFO - 输入要求 is Ok!
2021-04-23 16:13:16,749 - Bela - INFO - 发布打包作业 is Ok!
2021-04-23 16:13:54,050 - Bela - INFO - MobileText is sendValues!
2021-04-23 16:13:55,151 - Bela - INFO - VerifyCodeText is sendValues!
2021-04-23 16:13:55,735 - Bela - INFO - LoginBtn is click!
2021-04-23 16:14:01,825 - Bela - INFO - 进入打包作业 is Ok!
2021-04-23 16:14:05,285 - Bela - INFO - 选择作业内容 is Ok!
2021-04-23 16:14:10,692 - Bela - INFO - 单句 is Ok!
2021-04-23 16:14:12,424 - Bela - INFO - 输入要求 is Ok!
2021-04-23 16:14:19,300 - Bela - INFO - 发布打包作业 is Ok!
2021-04-23 16:15:52,458 - Bela - INFO - MobileText is sendValues!
2021-04-23 16:15:53,524 - Bela - INFO - VerifyCodeText is sendValues!
2021-04-23 16:15:56,802 - Bela - INFO - LoginBtn is click!
2021-04-23 16:16:08,658 - Bela - INFO - 进入打包作业 is Ok!
2021-04-23 16:16:11,885 - Bela - INFO - 选择作业内容 is Ok!
2021-04-23 16:16:38,530 - Bela - INFO - 多句 is Ok!
2021-04-23 16:16:40,677 - Bela - INFO - 输入要求 is Ok!
2021-04-23 16:16:47,175 - Bela - INFO - 发布打包作业 is Ok!
2021-04-23 16:17:18,004 - Bela - INFO - MobileText is sendValues!
2021-04-23 16:17:19,099 - Bela - INFO - VerifyCodeText is sendValues!
2021-04-23 16:17:19,683 - Bela - INFO - LoginBtn is click!
2021-04-23 16:17:35,880 - Bela - INFO - 进入打包作业 is Ok!
2021-04-23 16:17:38,721 - Bela - INFO - 选择作业内容 is Ok!
2021-04-23 16:17:42,467 - Bela - INFO - 选择照片 is Ok!
2021-04-23 16:17:44,681 - Bela - INFO - 输入要求 is Ok!
2021-04-23 16:17:51,073 - Bela - INFO - 发布打包作业 is Ok!
2021-04-23 16:18:20,143 - Bela - INFO - MobileText is sendValues!
2021-04-23 16:18:21,228 - Bela - INFO - VerifyCodeText is sendValues!
2021-04-23 16:18:21,795 - Bela - INFO - LoginBtn is click!
2021-04-23 16:18:37,803 - Bela - INFO - 进入打包作业 is Ok!
2021-04-23 16:18:40,689 - Bela - INFO - 选择作业内容 is Ok!
2021-04-23 16:18:45,496 - Bela - INFO - 单句 is Ok!
2021-04-23 16:18:47,656 - Bela - INFO - 输入要求 is Ok!
2021-04-23 16:18:54,334 - Bela - INFO - 发布打包作业 is Ok!
2021-04-23 16:25:01,771 - Bela - INFO - MobileText is sendValues!
2021-04-23 16:25:02,855 - Bela - INFO - VerifyCodeText is sendValues!
2021-04-23 16:25:03,434 - Bela - INFO - LoginBtn is click!
2021-04-23 16:25:19,058 - Bela - INFO - 进入打包作业 is Ok!
2021-04-23 16:25:22,027 - Bela - INFO - 选择作业内容 is Ok!
2021-04-23 16:25:48,410 - Bela - INFO - 多句 is Ok!
2021-04-23 16:30:00,734 - Bela - INFO - MobileText is sendValues!
2021-04-23 16:30:01,824 - Bela - INFO - VerifyCodeText is sendValues!
2021-04-23 16:30:02,397 - Bela - INFO - LoginBtn is click!
2021-04-23 16:30:07,947 - Bela - INFO - 进入打包作业 is Ok!
2021-04-23 16:30:10,902 - Bela - INFO - 选择作业内容 is Ok!
2021-04-23 16:30:37,064 - Bela - INFO - 多句 is Ok!
2021-04-23 16:30:39,140 - Bela - INFO - 输入要求 is Ok!
2021-04-23 16:30:45,789 - Bela - INFO - 发布打包作业 is Ok!
2021-04-23 16:33:21,251 - Bela - INFO - MobileText is sendValues!
2021-04-23 16:33:22,346 - Bela - INFO - VerifyCodeText is sendValues!
2021-04-23 16:33:25,546 - Bela - INFO - LoginBtn is click!
2021-04-23 16:33:38,799 - Bela - INFO - 进入打包作业 is Ok!
2021-04-23 16:33:41,690 - Bela - INFO - 选择作业内容 is Ok!
2021-04-23 16:36:09,887 - Bela - INFO - MobileText is sendValues!
2021-04-23 16:36:11,010 - Bela - INFO - VerifyCodeText is sendValues!
2021-04-23 16:36:11,596 - Bela - INFO - LoginBtn is click!
2021-04-23 16:36:17,133 - Bela - INFO - 进入打包作业 is Ok!
2021-04-23 16:36:20,055 - Bela - INFO - 选择作业内容 is Ok!
2021-04-23 16:37:25,051 - Bela - INFO - MobileText is sendValues!
2021-04-23 16:37:26,146 - Bela - INFO - VerifyCodeText is sendValues!
2021-04-23 16:37:26,743 - Bela - INFO - LoginBtn is click!
2021-04-23 16:37:42,580 - Bela - INFO - 进入打包作业 is Ok!
2021-04-23 16:37:45,491 - Bela - INFO - 选择作业内容 is Ok!
2021-04-23 16:37:49,301 - Bela - INFO - 选择照片 is Ok!
2021-04-23 16:37:51,593 - Bela - INFO - 输入要求 is Ok!
2021-04-23 16:37:58,137 - Bela - INFO - 发布打包作业 is Ok!
2021-04-23 16:38:27,817 - Bela - INFO - MobileText is sendValues!
2021-04-23 16:38:28,926 - Bela - INFO - VerifyCodeText is sendValues!
2021-04-23 16:38:29,502 - Bela - INFO - LoginBtn is click!
2021-04-23 16:38:35,027 - Bela - INFO - 进入打包作业 is Ok!
2021-04-23 16:38:37,972 - Bela - INFO - 选择作业内容 is Ok!
2021-04-23 16:40:53,614 - Bela - INFO - MobileText is sendValues!
2021-04-23 16:40:54,716 - Bela - INFO - VerifyCodeText is sendValues!
2021-04-23 16:40:55,289 - Bela - INFO - LoginBtn is click!
2021-04-23 16:42:02,101 - Bela - INFO - 进入打包作业 is Ok!
2021-04-23 16:42:06,097 - Bela - INFO - 选择作业内容 is Ok!
2021-04-23 16:42:10,978 - Bela - INFO - 单句 is Ok!
2021-04-23 16:42:13,068 - Bela - INFO - 输入要求 is Ok!
2021-04-23 16:42:19,588 - Bela - INFO - 发布打包作业 is Ok!
2021-04-23 16:42:49,702 - Bela - INFO - MobileText is sendValues!
2021-04-23 16:42:50,785 - Bela - INFO - VerifyCodeText is sendValues!
2021-04-23 16:42:51,400 - Bela - INFO - LoginBtn is click!
2021-04-23 16:43:07,550 - Bela - INFO - 进入打包作业 is Ok!
2021-04-23 16:43:10,747 - Bela - INFO - 选择作业内容 is Ok!
2021-04-23 16:43:14,561 - Bela - INFO - 选择照片 is Ok!
2021-04-23 16:43:16,761 - Bela - INFO - 输入要求 is Ok!
2021-04-23 16:43:23,126 - Bela - INFO - 发布打包作业 is Ok!
2021-04-23 16:43:52,583 - Bela - INFO - MobileText is sendValues!
2021-04-23 16:43:53,683 - Bela - INFO - VerifyCodeText is sendValues!
2021-04-23 16:43:54,256 - Bela - INFO - LoginBtn is click!
2021-04-23 16:44:08,539 - Bela - INFO - 进入打包作业 is Ok!
2021-04-23 16:44:11,116 - Bela - INFO - 选择作业内容 is Ok!
2021-04-23 16:45:07,415 - Bela - INFO - MobileText is sendValues!
2021-04-23 16:45:08,523 - Bela - INFO - VerifyCodeText is sendValues!
2021-04-23 16:45:09,120 - Bela - INFO - LoginBtn is click!
2021-04-23 16:45:23,663 - Bela - INFO - 进入打包作业 is Ok!
2021-04-23 16:45:26,889 - Bela - INFO - 选择作业内容 is Ok!
2021-04-23 16:45:32,089 - Bela - INFO - 单句 is Ok!
2021-04-23 16:45:34,337 - Bela - INFO - 输入要求 is Ok!
2021-04-23 16:45:40,775 - Bela - INFO - 发布打包作业 is Ok!
2021-04-23 16:46:09,934 - Bela - INFO - MobileText is sendValues!
2021-04-23 16:46:11,048 - Bela - INFO - VerifyCodeText is sendValues!
2021-04-23 16:46:11,639 - Bela - INFO - LoginBtn is click!
2021-04-23 16:46:17,122 - Bela - INFO - 进入打包作业 is Ok!
2021-04-23 16:46:20,048 - Bela - INFO - 选择作业内容 is Ok!
2021-04-23 16:46:23,797 - Bela - INFO - 选择照片 is Ok!
2021-04-23 16:46:26,190 - Bela - INFO - 输入要求 is Ok!
2021-04-23 16:46:32,659 - Bela - INFO - 发布打包作业 is Ok!
2021-04-23 16:47:01,553 - Bela - INFO - MobileText is sendValues!
2021-04-23 16:47:02,639 - Bela - INFO - VerifyCodeText is sendValues!
2021-04-23 16:47:03,204 - Bela - INFO - LoginBtn is click!
2021-04-23 16:47:08,729 - Bela - INFO - 进入打包作业 is Ok!
2021-04-23 16:47:11,545 - Bela - INFO - 选择作业内容 is Ok!
2021-04-23 16:48:38,922 - Bela - INFO - MobileText is sendValues!
2021-04-23 16:48:40,001 - Bela - INFO - VerifyCodeText is sendValues!
2021-04-23 16:48:40,575 - Bela - INFO - LoginBtn is click!
2021-04-23 16:48:46,050 - Bela - INFO - 进入打包作业 is Ok!
2021-04-23 16:48:48,932 - Bela - INFO - 选择作业内容 is Ok!
2021-04-23 16:48:53,831 - Bela - INFO - 单句 is Ok!
2021-04-23 16:49:01,181 - Bela - INFO - 输入要求 is Ok!
2021-04-23 16:49:07,693 - Bela - INFO - 发布打包作业 is Ok!
2021-04-23 16:49:37,384 - Bela - INFO - MobileText is sendValues!
2021-04-23 16:49:38,477 - Bela - INFO - VerifyCodeText is sendValues!
2021-04-23 16:49:39,052 - Bela - INFO - LoginBtn is click!
2021-04-23 16:49:54,822 - Bela - INFO - 进入打包作业 is Ok!
2021-04-23 16:49:57,634 - Bela - INFO - 选择作业内容 is Ok!
2021-04-23 16:50:01,367 - Bela - INFO - 选择照片 is Ok!
2021-04-23 16:50:03,585 - Bela - INFO - 输入要求 is Ok!
2021-04-23 16:50:10,282 - Bela - INFO - 发布打包作业 is Ok!
2021-04-23 16:50:38,836 - Bela - INFO - MobileText is sendValues!
2021-04-23 16:50:39,924 - Bela - INFO - VerifyCodeText is sendValues!
2021-04-23 16:50:40,577 - Bela - INFO - LoginBtn is click!
2021-04-23 16:50:57,000 - Bela - INFO - 进入打包作业 is Ok!
2021-04-23 16:50:59,849 - Bela - INFO - 选择作业内容 is Ok!
2021-04-23 16:52:50,172 - Bela - INFO - MobileText is sendValues!
2021-04-23 16:52:51,256 - Bela - INFO - VerifyCodeText is sendValues!
2021-04-23 16:52:51,823 - Bela - INFO - LoginBtn is click!
2021-04-23 16:52:57,267 - Bela - INFO - 进入打包作业 is Ok!
2021-04-23 16:53:00,756 - Bela - INFO - 选择作业内容 is Ok!
2021-04-23 16:53:05,575 - Bela - INFO - 单句 is Ok!
2021-04-23 16:53:07,813 - Bela - INFO - 输入要求 is Ok!
2021-04-23 16:53:14,380 - Bela - INFO - 发布打包作业 is Ok!
2021-04-23 16:53:45,222 - Bela - INFO - MobileText is sendValues!
2021-04-23 16:53:46,304 - Bela - INFO - VerifyCodeText is sendValues!
2021-04-23 16:53:46,877 - Bela - INFO - LoginBtn is click!
2021-04-23 16:53:52,539 - Bela - INFO - 进入打包作业 is Ok!
2021-04-23 16:53:55,355 - Bela - INFO - 选择作业内容 is Ok!
2021-04-23 16:53:59,762 - Bela - INFO - 选择照片 is Ok!
2021-04-23 16:54:02,027 - Bela - INFO - 输入要求 is Ok!
2021-04-23 16:54:08,559 - Bela - INFO - 发布打包作业 is Ok!
2021-04-23 16:54:39,251 - Bela - INFO - MobileText is sendValues!
2021-04-23 16:54:40,344 - Bela - INFO - VerifyCodeText is sendValues!
2021-04-23 16:54:40,920 - Bela - INFO - LoginBtn is click!
2021-04-23 16:54:56,721 - Bela - INFO - 进入打包作业 is Ok!
2021-04-23 16:54:59,657 - Bela - INFO - 选择作业内容 is Ok!
2021-04-23 16:57:02,415 - Bela - INFO - MobileText is sendValues!
2021-04-23 16:57:03,503 - Bela - INFO - VerifyCodeText is sendValues!
2021-04-23 16:57:04,094 - Bela - INFO - LoginBtn is click!
2021-04-23 16:57:09,688 - Bela - INFO - 进入打包作业 is Ok!
2021-04-23 16:57:12,617 - Bela - INFO - 选择作业内容 is Ok!
2021-04-23 16:57:17,756 - Bela - INFO - 单句 is Ok!
2021-04-23 16:57:19,929 - Bela - INFO - 输入要求 is Ok!
2021-04-23 16:57:26,478 - Bela - INFO - 发布打包作业 is Ok!
2021-04-23 16:57:57,281 - Bela - INFO - MobileText is sendValues!
2021-04-23 16:57:58,367 - Bela - INFO - VerifyCodeText is sendValues!
2021-04-23 16:57:59,538 - Bela - INFO - LoginBtn is click!
2021-04-23 16:58:05,074 - Bela - INFO - 进入打包作业 is Ok!
2021-04-23 16:58:07,963 - Bela - INFO - 选择作业内容 is Ok!
2021-04-23 17:06:12,347 - Bela - INFO - MobileText is sendValues!
2021-04-23 17:06:13,447 - Bela - INFO - VerifyCodeText is sendValues!
2021-04-23 17:06:14,045 - Bela - INFO - LoginBtn is click!
2021-04-23 17:06:19,653 - Bela - INFO - 进入打包作业 is Ok!
2021-04-23 17:06:22,415 - Bela - INFO - 选择作业内容 is Ok!
2021-04-23 17:06:26,885 - Bela - INFO - 单句 is Ok!
2021-04-23 17:06:28,950 - Bela - INFO - 输入要求 is Ok!
2021-04-23 17:06:35,170 - Bela - INFO - 发布打包作业 is Ok!
2021-04-23 17:07:01,748 - Bela - INFO - MobileText is sendValues!
2021-04-23 17:07:02,846 - Bela - INFO - VerifyCodeText is sendValues!
2021-04-23 17:07:03,406 - Bela - INFO - LoginBtn is click!
2021-04-23 17:07:08,644 - Bela - INFO - 进入打包作业 is Ok!
2021-04-23 17:07:11,373 - Bela - INFO - 选择作业内容 is Ok!
2021-04-23 17:07:42,240 - Bela - INFO - 多句 is Ok!
2021-04-23 17:07:44,347 - Bela - INFO - 输入要求 is Ok!
2021-04-23 17:07:50,492 - Bela - INFO - 发布打包作业 is Ok!
2021-04-23 17:08:15,830 - Bela - INFO - MobileText is sendValues!
2021-04-23 17:08:16,935 - Bela - INFO - VerifyCodeText is sendValues!
2021-04-23 17:08:17,506 - Bela - INFO - LoginBtn is click!
2021-04-23 17:08:22,648 - Bela - INFO - 进入打包作业 is Ok!
2021-04-23 17:08:25,321 - Bela - INFO - 选择作业内容 is Ok!
2021-04-23 17:08:28,976 - Bela - INFO - 选择照片 is Ok!
2021-04-23 17:08:31,183 - Bela - INFO - 输入要求 is Ok!
2021-04-23 17:08:37,302 - Bela - INFO - 发布打包作业 is Ok!
2021-04-23 17:46:21,097 - Bela - INFO - LoginBtn is click!
2021-04-23 17:47:20,419 - Bela - INFO - LoginBtn is click!
2021-04-23 17:47:24,380 - Bela - INFO - 进入打包作业 is Ok!
2021-04-23 17:47:34,805 - Bela - INFO - 添加打包作业 is Ok!
2021-04-23 17:47:37,758 - Bela - INFO - 选择作业内容 is Ok!
2021-04-23 17:47:42,102 - Bela - INFO - 单句 is Ok!
2021-04-23 17:47:44,159 - Bela - INFO - 输入要求 is Ok!
2021-04-23 17:48:29,770 - Bela - INFO - LoginBtn is click!
2021-04-23 17:48:33,664 - Bela - INFO - 进入打包作业 is Ok!
2021-04-23 17:49:16,412 - Bela - INFO - LoginBtn is click!
2021-04-23 17:49:20,495 - Bela - INFO - 进入打包作业 is Ok!
2021-04-23 17:49:32,237 - Bela - INFO - 添加打包作业 is Ok!
2021-04-23 17:49:34,998 - Bela - INFO - 选择作业内容 is Ok!
2021-04-23 17:49:39,456 - Bela - INFO - 单句 is Ok!
2021-04-23 17:49:41,497 - Bela - INFO - 输入要求 is Ok!
2021-04-23 17:49:49,817 - Bela - INFO - 发布打包作业 is Ok!
2021-04-23 17:50:16,103 - Bela - INFO - LoginBtn is click!
2021-04-23 17:50:20,228 - Bela - INFO - 进入打包作业 is Ok!
2021-04-23 17:50:21,375 - Bela - INFO - 添加打包作业 is Ok!
2021-04-23 17:50:24,332 - Bela - INFO - 选择作业内容 is Ok!
2021-04-23 17:50:45,239 - Bela - INFO - 多句 is Ok!
2021-04-23 17:50:47,283 - Bela - INFO - 输入要求 is Ok!
2021-04-23 17:50:55,515 - Bela - INFO - 发布打包作业 is Ok!
2021-04-23 17:51:21,460 - Bela - INFO - LoginBtn is click!
2021-04-23 17:51:25,451 - Bela - INFO - 进入打包作业 is Ok!
2021-04-23 17:51:26,695 - Bela - INFO - 添加打包作业 is Ok!
2021-04-23 17:52:47,215 - Bela - INFO - 选择作业内容 is Ok!
2021-04-23 17:52:51,877 - Bela - INFO - 选择照片 is Ok!
2021-04-23 17:52:54,046 - Bela - INFO - 输入要求 is Ok!
2021-04-23 17:53:02,917 - Bela - INFO - 发布打包作业 is Ok!
2021-04-23 17:53:29,534 - Bela - INFO - LoginBtn is click!
2021-04-23 17:53:33,507 - Bela - INFO - 进入打包作业 is Ok!
2021-04-23 17:54:25,008 - Bela - INFO - LoginBtn is click!
2021-04-23 17:54:28,858 - Bela - INFO - 进入打包作业 is Ok!
2021-04-23 17:54:45,429 - Bela - INFO - 添加打包作业 is Ok!
2021-04-23 17:54:48,115 - Bela - INFO - 选择作业内容 is Ok!
2021-04-23 17:54:52,603 - Bela - INFO - 单句 is Ok!
2021-04-23 17:54:54,647 - Bela - INFO - 输入要求 is Ok!
2021-04-23 17:55:03,425 - Bela - INFO - 发布打包作业 is Ok!
2021-04-23 17:55:29,120 - Bela - INFO - LoginBtn is click!
2021-04-23 17:55:33,029 - Bela - INFO - 进入打包作业 is Ok!
2021-04-23 17:55:34,210 - Bela - INFO - 添加打包作业 is Ok!
2021-04-23 17:55:36,890 - Bela - INFO - 选择作业内容 is Ok!
2021-04-23 17:55:57,740 - Bela - INFO - 多句 is Ok!
2021-04-23 17:56:00,117 - Bela - INFO - 输入要求 is Ok!
2021-04-23 17:56:08,930 - Bela - INFO - 发布打包作业 is Ok!
2021-04-23 17:56:34,570 - Bela - INFO - LoginBtn is click!
2021-04-23 17:56:38,433 - Bela - INFO - 进入打包作业 is Ok!
2021-04-23 17:56:39,660 - Bela - INFO - 添加打包作业 is Ok!
2021-04-23 17:56:42,366 - Bela - INFO - 选择作业内容 is Ok!
2021-04-23 17:56:45,926 - Bela - INFO - 选择照片 is Ok!
2021-04-23 17:56:48,116 - Bela - INFO - 输入要求 is Ok!
2021-04-23 17:56:56,666 - Bela - INFO - 发布打包作业 is Ok!
2021-04-23 17:57:22,874 - Bela - INFO - LoginBtn is click!
2021-04-23 17:57:27,014 - Bela - INFO - 进入打包作业 is Ok!
2021-04-23 17:58:24,605 - Bela - INFO - LoginBtn is click!
2021-04-23 17:58:29,258 - Bela - INFO - 进入打包作业 is Ok!
2021-04-23 17:58:30,823 - Bela - INFO - 添加打包作业 is Ok!
2021-04-23 17:58:34,097 - Bela - INFO - 选择作业内容 is Ok!
2021-04-23 17:58:39,127 - Bela - INFO - 单句 is Ok!
2021-04-23 17:58:41,315 - Bela - INFO - 输入要求 is Ok!
2021-04-23 17:58:50,669 - Bela - INFO - 发布打包作业 is Ok!
2021-04-23 17:59:22,137 - Bela - INFO - LoginBtn is click!
2021-04-23 17:59:26,160 - Bela - INFO - 进入打包作业 is Ok!
2021-04-23 17:59:37,865 - Bela - INFO - 添加打包作业 is Ok!
2021-04-23 17:59:40,968 - Bela - INFO - 选择作业内容 is Ok!
2021-04-23 18:00:02,386 - Bela - INFO - 多句 is Ok!
2021-04-23 18:00:04,470 - Bela - INFO - 输入要求 is Ok!
2021-04-23 18:00:12,917 - Bela - INFO - 发布打包作业 is Ok!
2021-04-23 18:00:39,018 - Bela - INFO - LoginBtn is click!
2021-04-23 18:00:42,807 - Bela - INFO - 进入打包作业 is Ok!
2021-04-23 18:00:43,972 - Bela - INFO - 添加打包作业 is Ok!
2021-04-23 18:00:47,034 - Bela - INFO - 选择作业内容 is Ok!
2021-04-23 18:00:50,632 - Bela - INFO - 选择照片 is Ok!
2021-04-23 18:00:52,878 - Bela - INFO - 输入要求 is Ok!
2021-04-23 18:01:01,854 - Bela - INFO - 发布打包作业 is Ok!
2021-04-23 18:01:30,712 - Bela - INFO - LoginBtn is click!
2021-04-23 18:01:31,846 - Bela - INFO - 进入打包作业 is Ok!
2021-04-23 18:01:33,120 - Bela - INFO - 添加打包作业 is Ok!
2021-04-23 18:01:33,866 - Bela - INFO - 添加打包作业 is Ok!
2021-04-23 18:01:34,579 - Bela - INFO - 添加打包作业 is Ok!
2021-04-23 18:01:35,331 - Bela - INFO - 添加打包作业 is Ok!
2021-04-23 18:01:36,060 - Bela - INFO - 添加打包作业 is Ok!
